2018-01-10 12:32:15,627 DEBUG [Forwarding newSession on session null to remote] RequestAddCookies:123 - CookieSpec selected: default
2018-01-10 12:32:15,657 DEBUG [Forwarding newSession on session null to remote] RequestAuthCache:77 - Auth cache not set in the context
2018-01-10 12:32:15,659 DEBUG [Forwarding newSession on session null to remote] PoolingHttpClientConnectionManager:255 - Connection request: [route: {}->http://localhost:18401][total kept alive: 0; route allocated: 0 of 2000; total allocated: 0 of 2000]
2018-01-10 12:32:15,693 DEBUG [Forwarding newSession on session null to remote] PoolingHttpClientConnectionManager:288 - Connection leased: [id: 0][route: {}->http://localhost:18401][total kept alive: 0; route allocated: 1 of 2000; total allocated: 1 of 2000]
2018-01-10 12:32:15,696 DEBUG [Forwarding newSession on session null to remote] MainClientExec:235 - Opening connection {}->http://localhost:18401
2018-01-10 12:32:15,698 DEBUG [Forwarding newSession on session null to remote] DefaultHttpClientConnectionOperator:139 - Connecting to localhost/127.0.0.1:18401
2018-01-10 12:32:15,706 DEBUG [Forwarding newSession on session null to remote] DefaultHttpClientConnectionOperator:146 - Connection established 127.0.0.1:62611<->127.0.0.1:18401
2018-01-10 12:32:15,707 DEBUG [Forwarding newSession on session null to remote] DefaultManagedHttpClientConnection:88 - http-outgoing-0: set socket timeout to 10800000
2018-01-10 12:32:15,707 DEBUG [Forwarding newSession on session null to remote] MainClientExec:256 - Executing request POST /session HTTP/1.1
2018-01-10 12:32:15,707 DEBUG [Forwarding newSession on session null to remote] MainClientExec:261 - Target auth state: UNCHALLENGED
2018-01-10 12:32:15,708 DEBUG [Forwarding newSession on session null to remote] MainClientExec:267 - Proxy auth state: UNCHALLENGED
2018-01-10 12:32:15,710 DEBUG [Forwarding newSession on session null to remote] headers:133 - http-outgoing-0 >> POST /session HTTP/1.1
2018-01-10 12:32:15,710 DEBUG [Forwarding newSession on session null to remote] headers:136 - http-outgoing-0 >> Content-Type: application/json; charset=utf-8
2018-01-10 12:32:15,710 DEBUG [Forwarding newSession on session null to remote] headers:136 - http-outgoing-0 >> Content-Length: 404
2018-01-10 12:32:15,710 DEBUG [Forwarding newSession on session null to remote] headers:136 - http-outgoing-0 >> Host: localhost:18401
2018-01-10 12:32:15,711 DEBUG [Forwarding newSession on session null to remote] headers:136 - http-outgoing-0 >> Connection: Keep-Alive
2018-01-10 12:32:15,712 DEBUG [Forwarding newSession on session null to remote] headers:136 - http-outgoing-0 >> User-Agent: Apache-HttpClient/4.5.3 (Java/1.8.0_144)
2018-01-10 12:32:15,712 DEBUG [Forwarding newSession on session null to remote] headers:136 - http-outgoing-0 >> Accept-Encoding: gzip,deflate
2018-01-10 12:32:15,713 DEBUG [Forwarding newSession on session null to remote] wire:73 - http-outgoing-0 >> "POST /session HTTP/1.1[\r][\n]"
2018-01-10 12:32:15,713 DEBUG [Forwarding newSession on session null to remote] wire:73 - http-outgoing-0 >> "Content-Type: application/json; charset=utf-8[\r][\n]"
2018-01-10 12:32:15,713 DEBUG [Forwarding newSession on session null to remote] wire:73 - http-outgoing-0 >> "Content-Length: 404[\r][\n]"
2018-01-10 12:32:15,713 DEBUG [Forwarding newSession on session null to remote] wire:73 - http-outgoing-0 >> "Host: localhost:18401[\r][\n]"
2018-01-10 12:32:15,713 DEBUG [Forwarding newSession on session null to remote] wire:73 - http-outgoing-0 >> "Connection: Keep-Alive[\r][\n]"
2018-01-10 12:32:15,714 DEBUG [Forwarding newSession on session null to remote] wire:73 - http-outgoing-0 >> "User-Agent: Apache-HttpClient/4.5.3 (Java/1.8.0_144)[\r][\n]"
2018-01-10 12:32:15,714 DEBUG [Forwarding newSession on session null to remote] wire:73 - http-outgoing-0 >> "Accept-Encoding: gzip,deflate[\r][\n]"
2018-01-10 12:32:15,714 DEBUG [Forwarding newSession on session null to remote] wire:73 - http-outgoing-0 >> "[\r][\n]"
2018-01-10 12:32:15,714 DEBUG [Forwarding newSession on session null to remote] wire:73 - http-outgoing-0 >> "{[\n]"
2018-01-10 12:32:15,714 DEBUG [Forwarding newSession on session null to remote] wire:73 - http-outgoing-0 >> "  "desiredCapabilities": {"acceptInsecureCerts":true,"browserName":"firefox","moz:firefoxOptions":{"args":[],"prefs":{}}},[\n]"
2018-01-10 12:32:15,714 DEBUG [Forwarding newSession on session null to remote] wire:73 - http-outgoing-0 >> "  "capabilities": {[\n]"
2018-01-10 12:32:15,715 DEBUG [Forwarding newSession on session null to remote] wire:73 - http-outgoing-0 >> "    "desiredCapabilities": {"acceptInsecureCerts":true,"browserName":"firefox","moz:firefoxOptions":{"args":[],"prefs":{}}},[\n]"
2018-01-10 12:32:15,715 DEBUG [Forwarding newSession on session null to remote] wire:73 - http-outgoing-0 >> "    "firstMatch": [[\n]"
2018-01-10 12:32:15,715 DEBUG [Forwarding newSession on session null to remote] wire:73 - http-outgoing-0 >> "      {"acceptInsecureCerts":true,"browserName":"firefox","moz:firefoxOptions":{"args":[],"prefs":{}}}[\n]"
2018-01-10 12:32:15,715 DEBUG [Forwarding newSession on session null to remote] wire:73 - http-outgoing-0 >> "    ][\n]"
2018-01-10 12:32:15,715 DEBUG [Forwarding newSession on session null to remote] wire:73 - http-outgoing-0 >> "  }[\n]"
2018-01-10 12:32:15,715 DEBUG [Forwarding newSession on session null to remote] wire:87 - http-outgoing-0 >> "}"
2018-01-10 12:32:32,903 DEBUG [Forwarding newSession on session null to remote] wire:73 - http-outgoing-0 << "HTTP/1.1 200 OK[\r][\n]"
2018-01-10 12:32:32,904 DEBUG [Forwarding newSession on session null to remote] wire:73 - http-outgoing-0 << "Connection: close[\r][\n]"
2018-01-10 12:32:32,904 DEBUG [Forwarding newSession on session null to remote] wire:73 - http-outgoing-0 << "Content-Type: application/json; charset=utf-8[\r][\n]"
2018-01-10 12:32:32,904 DEBUG [Forwarding newSession on session null to remote] wire:73 - http-outgoing-0 << "Cache-Control: no-cache[\r][\n]"
2018-01-10 12:32:32,904 DEBUG [Forwarding newSession on session null to remote] wire:73 - http-outgoing-0 << "Content-Length: 503[\r][\n]"
2018-01-10 12:32:32,905 DEBUG [Forwarding newSession on session null to remote] wire:73 - http-outgoing-0 << "Date: Wed, 10 Jan 2018 07:02:32 GMT[\r][\n]"
2018-01-10 12:32:32,905 DEBUG [Forwarding newSession on session null to remote] wire:73 - http-outgoing-0 << "[\r][\n]"
2018-01-10 12:32:32,905 DEBUG [Forwarding newSession on session null to remote] wire:87 - http-outgoing-0 << "{"value": {"sessionId":"e3748c03-d7b5-4758-93b7-0039f71a2b56","capabilities":{"acceptInsecureCerts":true,"browserName":"firefox","browserVersion":"56.0.1","moz:accessibilityChecks":false,"moz:headless":false,"moz:processID":16500,"moz:profile":"C:\\Users\\na00450192\\AppData\\Local\\Temp\\rust_mozprofile.nHGERm0whC9C","pageLoadStrategy":"normal","platformName":"windows_nt","platformVersion":"10.0","rotatable":false,"specificationLevel":0,"timeouts":{"implicit":0,"pageLoad":300000,"script":30000}}}}"
2018-01-10 12:32:32,908 DEBUG [Forwarding newSession on session null to remote] headers:122 - http-outgoing-0 << HTTP/1.1 200 OK
2018-01-10 12:32:32,909 DEBUG [Forwarding newSession on session null to remote] headers:125 - http-outgoing-0 << Connection: close
2018-01-10 12:32:32,909 DEBUG [Forwarding newSession on session null to remote] headers:125 - http-outgoing-0 << Content-Type: application/json; charset=utf-8
2018-01-10 12:32:32,909 DEBUG [Forwarding newSession on session null to remote] headers:125 - http-outgoing-0 << Cache-Control: no-cache
2018-01-10 12:32:32,910 DEBUG [Forwarding newSession on session null to remote] headers:125 - http-outgoing-0 << Content-Length: 503
2018-01-10 12:32:32,910 DEBUG [Forwarding newSession on session null to remote] headers:125 - http-outgoing-0 << Date: Wed, 10 Jan 2018 07:02:32 GMT
2018-01-10 12:32:32,938 DEBUG [Forwarding newSession on session null to remote] DefaultManagedHttpClientConnection:79 - http-outgoing-0: Close connection
2018-01-10 12:32:32,938 DEBUG [Forwarding newSession on session null to remote] MainClientExec:104 - Connection discarded
2018-01-10 12:32:32,939 DEBUG [Forwarding newSession on session null to remote] PoolingHttpClientConnectionManager:326 - Connection released: [id: 0][route: {}->http://localhost:18401][total kept alive: 0; route allocated: 0 of 2000; total allocated: 0 of 2000]
2018-01-10 12:32:33,312 DEBUG [Forwarding get on session e3748c03-d7b5-4758-93b7-0039f71a2b56 to remote] RequestAddCookies:123 - CookieSpec selected: default
2018-01-10 12:32:33,313 DEBUG [Forwarding get on session e3748c03-d7b5-4758-93b7-0039f71a2b56 to remote] RequestAuthCache:77 - Auth cache not set in the context
2018-01-10 12:32:33,313 DEBUG [Forwarding get on session e3748c03-d7b5-4758-93b7-0039f71a2b56 to remote] PoolingHttpClientConnectionManager:255 - Connection request: [route: {}->http://localhost:18401][total kept alive: 0; route allocated: 0 of 2000; total allocated: 0 of 2000]
2018-01-10 12:32:33,313 DEBUG [Forwarding get on session e3748c03-d7b5-4758-93b7-0039f71a2b56 to remote] PoolingHttpClientConnectionManager:288 - Connection leased: [id: 1][route: {}->http://localhost:18401][total kept alive: 0; route allocated: 1 of 2000; total allocated: 1 of 2000]
2018-01-10 12:32:33,313 DEBUG [Forwarding get on session e3748c03-d7b5-4758-93b7-0039f71a2b56 to remote] MainClientExec:235 - Opening connection {}->http://localhost:18401
2018-01-10 12:32:33,314 DEBUG [Forwarding get on session e3748c03-d7b5-4758-93b7-0039f71a2b56 to remote] DefaultHttpClientConnectionOperator:139 - Connecting to localhost/127.0.0.1:18401
2018-01-10 12:32:33,315 DEBUG [Forwarding get on session e3748c03-d7b5-4758-93b7-0039f71a2b56 to remote] DefaultHttpClientConnectionOperator:146 - Connection established 127.0.0.1:62647<->127.0.0.1:18401
2018-01-10 12:32:33,315 DEBUG [Forwarding get on session e3748c03-d7b5-4758-93b7-0039f71a2b56 to remote] DefaultManagedHttpClientConnection:88 - http-outgoing-1: set socket timeout to 10800000
2018-01-10 12:32:33,315 DEBUG [Forwarding get on session e3748c03-d7b5-4758-93b7-0039f71a2b56 to remote] MainClientExec:256 - Executing request POST /session/e3748c03-d7b5-4758-93b7-0039f71a2b56/url HTTP/1.1
2018-01-10 12:32:33,315 DEBUG [Forwarding get on session e3748c03-d7b5-4758-93b7-0039f71a2b56 to remote] MainClientExec:261 - Target auth state: UNCHALLENGED
2018-01-10 12:32:33,315 DEBUG [Forwarding get on session e3748c03-d7b5-4758-93b7-0039f71a2b56 to remote] MainClientExec:267 - Proxy auth state: UNCHALLENGED
2018-01-10 12:32:33,315 DEBUG [Forwarding get on session e3748c03-d7b5-4758-93b7-0039f71a2b56 to remote] headers:133 - http-outgoing-1 >> POST /session/e3748c03-d7b5-4758-93b7-0039f71a2b56/url HTTP/1.1
2018-01-10 12:32:33,315 DEBUG [Forwarding get on session e3748c03-d7b5-4758-93b7-0039f71a2b56 to remote] headers:136 - http-outgoing-1 >> Content-Type: application/json; charset=utf-8
2018-01-10 12:32:33,316 DEBUG [Forwarding get on session e3748c03-d7b5-4758-93b7-0039f71a2b56 to remote] headers:136 - http-outgoing-1 >> Content-Length: 33
2018-01-10 12:32:33,316 DEBUG [Forwarding get on session e3748c03-d7b5-4758-93b7-0039f71a2b56 to remote] headers:136 - http-outgoing-1 >> Host: localhost:18401
2018-01-10 12:32:33,316 DEBUG [Forwarding get on session e3748c03-d7b5-4758-93b7-0039f71a2b56 to remote] headers:136 - http-outgoing-1 >> Connection: Keep-Alive
2018-01-10 12:32:33,316 DEBUG [Forwarding get on session e3748c03-d7b5-4758-93b7-0039f71a2b56 to remote] headers:136 - http-outgoing-1 >> User-Agent: Apache-HttpClient/4.5.3 (Java/1.8.0_144)
2018-01-10 12:32:33,316 DEBUG [Forwarding get on session e3748c03-d7b5-4758-93b7-0039f71a2b56 to remote] headers:136 - http-outgoing-1 >> Accept-Encoding: gzip,deflate
2018-01-10 12:32:33,316 DEBUG [Forwarding get on session e3748c03-d7b5-4758-93b7-0039f71a2b56 to remote] wire:73 - http-outgoing-1 >> "POST /session/e3748c03-d7b5-4758-93b7-0039f71a2b56/url HTTP/1.1[\r][\n]"
2018-01-10 12:32:33,317 DEBUG [Forwarding get on session e3748c03-d7b5-4758-93b7-0039f71a2b56 to remote] wire:73 - http-outgoing-1 >> "Content-Type: application/json; charset=utf-8[\r][\n]"
2018-01-10 12:32:33,317 DEBUG [Forwarding get on session e3748c03-d7b5-4758-93b7-0039f71a2b56 to remote] wire:73 - http-outgoing-1 >> "Content-Length: 33[\r][\n]"
2018-01-10 12:32:33,317 DEBUG [Forwarding get on session e3748c03-d7b5-4758-93b7-0039f71a2b56 to remote] wire:73 - http-outgoing-1 >> "Host: localhost:18401[\r][\n]"
2018-01-10 12:32:33,317 DEBUG [Forwarding get on session e3748c03-d7b5-4758-93b7-0039f71a2b56 to remote] wire:73 - http-outgoing-1 >> "Connection: Keep-Alive[\r][\n]"
2018-01-10 12:32:33,317 DEBUG [Forwarding get on session e3748c03-d7b5-4758-93b7-0039f71a2b56 to remote] wire:73 - http-outgoing-1 >> "User-Agent: Apache-HttpClient/4.5.3 (Java/1.8.0_144)[\r][\n]"
2018-01-10 12:32:33,317 DEBUG [Forwarding get on session e3748c03-d7b5-4758-93b7-0039f71a2b56 to remote] wire:73 - http-outgoing-1 >> "Accept-Encoding: gzip,deflate[\r][\n]"
2018-01-10 12:32:33,317 DEBUG [Forwarding get on session e3748c03-d7b5-4758-93b7-0039f71a2b56 to remote] wire:73 - http-outgoing-1 >> "[\r][\n]"
2018-01-10 12:32:33,317 DEBUG [Forwarding get on session e3748c03-d7b5-4758-93b7-0039f71a2b56 to remote] wire:87 - http-outgoing-1 >> "{"url":"https://www.freecrm.com"}"
2018-01-10 12:32:55,296 DEBUG [Forwarding get on session e3748c03-d7b5-4758-93b7-0039f71a2b56 to remote] wire:73 - http-outgoing-1 << "HTTP/1.1 200 OK[\r][\n]"
2018-01-10 12:32:55,296 DEBUG [Forwarding get on session e3748c03-d7b5-4758-93b7-0039f71a2b56 to remote] wire:73 - http-outgoing-1 << "Connection: close[\r][\n]"
2018-01-10 12:32:55,297 DEBUG [Forwarding get on session e3748c03-d7b5-4758-93b7-0039f71a2b56 to remote] wire:73 - http-outgoing-1 << "Content-Type: application/json; charset=utf-8[\r][\n]"
2018-01-10 12:32:55,297 DEBUG [Forwarding get on session e3748c03-d7b5-4758-93b7-0039f71a2b56 to remote] wire:73 - http-outgoing-1 << "Cache-Control: no-cache[\r][\n]"
2018-01-10 12:32:55,297 DEBUG [Forwarding get on session e3748c03-d7b5-4758-93b7-0039f71a2b56 to remote] wire:73 - http-outgoing-1 << "Content-Length: 13[\r][\n]"
2018-01-10 12:32:55,297 DEBUG [Forwarding get on session e3748c03-d7b5-4758-93b7-0039f71a2b56 to remote] wire:73 - http-outgoing-1 << "Date: Wed, 10 Jan 2018 07:02:55 GMT[\r][\n]"
2018-01-10 12:32:55,297 DEBUG [Forwarding get on session e3748c03-d7b5-4758-93b7-0039f71a2b56 to remote] wire:73 - http-outgoing-1 << "[\r][\n]"
2018-01-10 12:32:55,298 DEBUG [Forwarding get on session e3748c03-d7b5-4758-93b7-0039f71a2b56 to remote] wire:87 - http-outgoing-1 << "{"value": {}}"
2018-01-10 12:32:55,298 DEBUG [Forwarding get on session e3748c03-d7b5-4758-93b7-0039f71a2b56 to remote] headers:122 - http-outgoing-1 << HTTP/1.1 200 OK
2018-01-10 12:32:55,298 DEBUG [Forwarding get on session e3748c03-d7b5-4758-93b7-0039f71a2b56 to remote] headers:125 - http-outgoing-1 << Connection: close
2018-01-10 12:32:55,298 DEBUG [Forwarding get on session e3748c03-d7b5-4758-93b7-0039f71a2b56 to remote] headers:125 - http-outgoing-1 << Content-Type: application/json; charset=utf-8
2018-01-10 12:32:55,298 DEBUG [Forwarding get on session e3748c03-d7b5-4758-93b7-0039f71a2b56 to remote] headers:125 - http-outgoing-1 << Cache-Control: no-cache
2018-01-10 12:32:55,298 DEBUG [Forwarding get on session e3748c03-d7b5-4758-93b7-0039f71a2b56 to remote] headers:125 - http-outgoing-1 << Content-Length: 13
2018-01-10 12:32:55,299 DEBUG [Forwarding get on session e3748c03-d7b5-4758-93b7-0039f71a2b56 to remote] headers:125 - http-outgoing-1 << Date: Wed, 10 Jan 2018 07:02:55 GMT
2018-01-10 12:32:55,299 DEBUG [Forwarding get on session e3748c03-d7b5-4758-93b7-0039f71a2b56 to remote] DefaultManagedHttpClientConnection:79 - http-outgoing-1: Close connection
2018-01-10 12:32:55,299 DEBUG [Forwarding get on session e3748c03-d7b5-4758-93b7-0039f71a2b56 to remote] MainClientExec:104 - Connection discarded
2018-01-10 12:32:55,300 DEBUG [Forwarding get on session e3748c03-d7b5-4758-93b7-0039f71a2b56 to remote] PoolingHttpClientConnectionManager:326 - Connection released: [id: 1][route: {}->http://localhost:18401][total kept alive: 0; route allocated: 0 of 2000; total allocated: 0 of 2000]
2018-01-10 12:34:03,410 DEBUG [Forwarding newSession on session null to remote] RequestAddCookies:123 - CookieSpec selected: default
2018-01-10 12:34:03,422 DEBUG [Forwarding newSession on session null to remote] RequestAuthCache:77 - Auth cache not set in the context
2018-01-10 12:34:03,424 DEBUG [Forwarding newSession on session null to remote] PoolingHttpClientConnectionManager:255 - Connection request: [route: {}->http://localhost:8880][total kept alive: 0; route allocated: 0 of 2000; total allocated: 0 of 2000]
2018-01-10 12:34:03,436 DEBUG [Forwarding newSession on session null to remote] PoolingHttpClientConnectionManager:288 - Connection leased: [id: 0][route: {}->http://localhost:8880][total kept alive: 0; route allocated: 1 of 2000; total allocated: 1 of 2000]
2018-01-10 12:34:03,438 DEBUG [Forwarding newSession on session null to remote] MainClientExec:235 - Opening connection {}->http://localhost:8880
2018-01-10 12:34:03,439 DEBUG [Forwarding newSession on session null to remote] DefaultHttpClientConnectionOperator:139 - Connecting to localhost/127.0.0.1:8880
2018-01-10 12:34:03,440 DEBUG [Forwarding newSession on session null to remote] DefaultHttpClientConnectionOperator:146 - Connection established 127.0.0.1:62787<->127.0.0.1:8880
2018-01-10 12:34:03,441 DEBUG [Forwarding newSession on session null to remote] DefaultManagedHttpClientConnection:88 - http-outgoing-0: set socket timeout to 10800000
2018-01-10 12:34:03,441 DEBUG [Forwarding newSession on session null to remote] MainClientExec:256 - Executing request POST /session HTTP/1.1
2018-01-10 12:34:03,441 DEBUG [Forwarding newSession on session null to remote] MainClientExec:261 - Target auth state: UNCHALLENGED
2018-01-10 12:34:03,442 DEBUG [Forwarding newSession on session null to remote] MainClientExec:267 - Proxy auth state: UNCHALLENGED
2018-01-10 12:34:03,443 DEBUG [Forwarding newSession on session null to remote] headers:133 - http-outgoing-0 >> POST /session HTTP/1.1
2018-01-10 12:34:03,444 DEBUG [Forwarding newSession on session null to remote] headers:136 - http-outgoing-0 >> Content-Type: application/json; charset=utf-8
2018-01-10 12:34:03,444 DEBUG [Forwarding newSession on session null to remote] headers:136 - http-outgoing-0 >> Content-Length: 404
2018-01-10 12:34:03,445 DEBUG [Forwarding newSession on session null to remote] headers:136 - http-outgoing-0 >> Host: localhost:8880
2018-01-10 12:34:03,445 DEBUG [Forwarding newSession on session null to remote] headers:136 - http-outgoing-0 >> Connection: Keep-Alive
2018-01-10 12:34:03,446 DEBUG [Forwarding newSession on session null to remote] headers:136 - http-outgoing-0 >> User-Agent: Apache-HttpClient/4.5.3 (Java/1.8.0_144)
2018-01-10 12:34:03,446 DEBUG [Forwarding newSession on session null to remote] headers:136 - http-outgoing-0 >> Accept-Encoding: gzip,deflate
2018-01-10 12:34:03,446 DEBUG [Forwarding newSession on session null to remote] wire:73 - http-outgoing-0 >> "POST /session HTTP/1.1[\r][\n]"
2018-01-10 12:34:03,447 DEBUG [Forwarding newSession on session null to remote] wire:73 - http-outgoing-0 >> "Content-Type: application/json; charset=utf-8[\r][\n]"
2018-01-10 12:34:03,447 DEBUG [Forwarding newSession on session null to remote] wire:73 - http-outgoing-0 >> "Content-Length: 404[\r][\n]"
2018-01-10 12:34:03,447 DEBUG [Forwarding newSession on session null to remote] wire:73 - http-outgoing-0 >> "Host: localhost:8880[\r][\n]"
2018-01-10 12:34:03,447 DEBUG [Forwarding newSession on session null to remote] wire:73 - http-outgoing-0 >> "Connection: Keep-Alive[\r][\n]"
2018-01-10 12:34:03,448 DEBUG [Forwarding newSession on session null to remote] wire:73 - http-outgoing-0 >> "User-Agent: Apache-HttpClient/4.5.3 (Java/1.8.0_144)[\r][\n]"
2018-01-10 12:34:03,448 DEBUG [Forwarding newSession on session null to remote] wire:73 - http-outgoing-0 >> "Accept-Encoding: gzip,deflate[\r][\n]"
2018-01-10 12:34:03,448 DEBUG [Forwarding newSession on session null to remote] wire:73 - http-outgoing-0 >> "[\r][\n]"
2018-01-10 12:34:03,448 DEBUG [Forwarding newSession on session null to remote] wire:73 - http-outgoing-0 >> "{[\n]"
2018-01-10 12:34:03,448 DEBUG [Forwarding newSession on session null to remote] wire:73 - http-outgoing-0 >> "  "desiredCapabilities": {"acceptInsecureCerts":true,"browserName":"firefox","moz:firefoxOptions":{"args":[],"prefs":{}}},[\n]"
2018-01-10 12:34:03,449 DEBUG [Forwarding newSession on session null to remote] wire:73 - http-outgoing-0 >> "  "capabilities": {[\n]"
2018-01-10 12:34:03,449 DEBUG [Forwarding newSession on session null to remote] wire:73 - http-outgoing-0 >> "    "desiredCapabilities": {"acceptInsecureCerts":true,"browserName":"firefox","moz:firefoxOptions":{"args":[],"prefs":{}}},[\n]"
2018-01-10 12:34:03,449 DEBUG [Forwarding newSession on session null to remote] wire:73 - http-outgoing-0 >> "    "firstMatch": [[\n]"
2018-01-10 12:34:03,449 DEBUG [Forwarding newSession on session null to remote] wire:73 - http-outgoing-0 >> "      {"acceptInsecureCerts":true,"browserName":"firefox","moz:firefoxOptions":{"args":[],"prefs":{}}}[\n]"
2018-01-10 12:34:03,449 DEBUG [Forwarding newSession on session null to remote] wire:73 - http-outgoing-0 >> "    ][\n]"
2018-01-10 12:34:03,452 DEBUG [Forwarding newSession on session null to remote] wire:73 - http-outgoing-0 >> "  }[\n]"
2018-01-10 12:34:03,452 DEBUG [Forwarding newSession on session null to remote] wire:87 - http-outgoing-0 >> "}"
2018-01-10 12:34:08,852 DEBUG [Forwarding newSession on session null to remote] wire:73 - http-outgoing-0 << "HTTP/1.1 200 OK[\r][\n]"
2018-01-10 12:34:08,853 DEBUG [Forwarding newSession on session null to remote] wire:73 - http-outgoing-0 << "Connection: close[\r][\n]"
2018-01-10 12:34:08,853 DEBUG [Forwarding newSession on session null to remote] wire:73 - http-outgoing-0 << "Content-Type: application/json; charset=utf-8[\r][\n]"
2018-01-10 12:34:08,853 DEBUG [Forwarding newSession on session null to remote] wire:73 - http-outgoing-0 << "Cache-Control: no-cache[\r][\n]"
2018-01-10 12:34:08,853 DEBUG [Forwarding newSession on session null to remote] wire:73 - http-outgoing-0 << "Content-Length: 503[\r][\n]"
2018-01-10 12:34:08,854 DEBUG [Forwarding newSession on session null to remote] wire:73 - http-outgoing-0 << "Date: Wed, 10 Jan 2018 07:04:08 GMT[\r][\n]"
2018-01-10 12:34:08,854 DEBUG [Forwarding newSession on session null to remote] wire:73 - http-outgoing-0 << "[\r][\n]"
2018-01-10 12:34:08,854 DEBUG [Forwarding newSession on session null to remote] wire:87 - http-outgoing-0 << "{"value": {"sessionId":"9fcd0c19-c00b-4748-a115-644714cd2541","capabilities":{"acceptInsecureCerts":true,"browserName":"firefox","browserVersion":"56.0.1","moz:accessibilityChecks":false,"moz:headless":false,"moz:processID":22404,"moz:profile":"C:\\Users\\na00450192\\AppData\\Local\\Temp\\rust_mozprofile.WOS6MjHpSAiF","pageLoadStrategy":"normal","platformName":"windows_nt","platformVersion":"10.0","rotatable":false,"specificationLevel":0,"timeouts":{"implicit":0,"pageLoad":300000,"script":30000}}}}"
2018-01-10 12:34:08,857 DEBUG [Forwarding newSession on session null to remote] headers:122 - http-outgoing-0 << HTTP/1.1 200 OK
2018-01-10 12:34:08,857 DEBUG [Forwarding newSession on session null to remote] headers:125 - http-outgoing-0 << Connection: close
2018-01-10 12:34:08,857 DEBUG [Forwarding newSession on session null to remote] headers:125 - http-outgoing-0 << Content-Type: application/json; charset=utf-8
2018-01-10 12:34:08,857 DEBUG [Forwarding newSession on session null to remote] headers:125 - http-outgoing-0 << Cache-Control: no-cache
2018-01-10 12:34:08,857 DEBUG [Forwarding newSession on session null to remote] headers:125 - http-outgoing-0 << Content-Length: 503
2018-01-10 12:34:08,858 DEBUG [Forwarding newSession on session null to remote] headers:125 - http-outgoing-0 << Date: Wed, 10 Jan 2018 07:04:08 GMT
2018-01-10 12:34:08,862 DEBUG [Forwarding newSession on session null to remote] DefaultManagedHttpClientConnection:79 - http-outgoing-0: Close connection
2018-01-10 12:34:08,863 DEBUG [Forwarding newSession on session null to remote] MainClientExec:104 - Connection discarded
2018-01-10 12:34:08,863 DEBUG [Forwarding newSession on session null to remote] PoolingHttpClientConnectionManager:326 - Connection released: [id: 0][route: {}->http://localhost:8880][total kept alive: 0; route allocated: 0 of 2000; total allocated: 0 of 2000]
2018-01-10 12:34:08,902 DEBUG [Forwarding get on session 9fcd0c19-c00b-4748-a115-644714cd2541 to remote] RequestAddCookies:123 - CookieSpec selected: default
2018-01-10 12:34:08,902 DEBUG [Forwarding get on session 9fcd0c19-c00b-4748-a115-644714cd2541 to remote] RequestAuthCache:77 - Auth cache not set in the context
2018-01-10 12:34:08,903 DEBUG [Forwarding get on session 9fcd0c19-c00b-4748-a115-644714cd2541 to remote] PoolingHttpClientConnectionManager:255 - Connection request: [route: {}->http://localhost:8880][total kept alive: 0; route allocated: 0 of 2000; total allocated: 0 of 2000]
2018-01-10 12:34:08,903 DEBUG [Forwarding get on session 9fcd0c19-c00b-4748-a115-644714cd2541 to remote] PoolingHttpClientConnectionManager:288 - Connection leased: [id: 1][route: {}->http://localhost:8880][total kept alive: 0; route allocated: 1 of 2000; total allocated: 1 of 2000]
2018-01-10 12:34:08,904 DEBUG [Forwarding get on session 9fcd0c19-c00b-4748-a115-644714cd2541 to remote] MainClientExec:235 - Opening connection {}->http://localhost:8880
2018-01-10 12:34:08,904 DEBUG [Forwarding get on session 9fcd0c19-c00b-4748-a115-644714cd2541 to remote] DefaultHttpClientConnectionOperator:139 - Connecting to localhost/127.0.0.1:8880
2018-01-10 12:34:08,905 DEBUG [Forwarding get on session 9fcd0c19-c00b-4748-a115-644714cd2541 to remote] DefaultHttpClientConnectionOperator:146 - Connection established 127.0.0.1:62805<->127.0.0.1:8880
2018-01-10 12:34:08,905 DEBUG [Forwarding get on session 9fcd0c19-c00b-4748-a115-644714cd2541 to remote] DefaultManagedHttpClientConnection:88 - http-outgoing-1: set socket timeout to 10800000
2018-01-10 12:34:08,905 DEBUG [Forwarding get on session 9fcd0c19-c00b-4748-a115-644714cd2541 to remote] MainClientExec:256 - Executing request POST /session/9fcd0c19-c00b-4748-a115-644714cd2541/url HTTP/1.1
2018-01-10 12:34:08,906 DEBUG [Forwarding get on session 9fcd0c19-c00b-4748-a115-644714cd2541 to remote] MainClientExec:261 - Target auth state: UNCHALLENGED
2018-01-10 12:34:08,906 DEBUG [Forwarding get on session 9fcd0c19-c00b-4748-a115-644714cd2541 to remote] MainClientExec:267 - Proxy auth state: UNCHALLENGED
2018-01-10 12:34:08,906 DEBUG [Forwarding get on session 9fcd0c19-c00b-4748-a115-644714cd2541 to remote] headers:133 - http-outgoing-1 >> POST /session/9fcd0c19-c00b-4748-a115-644714cd2541/url HTTP/1.1
2018-01-10 12:34:08,906 DEBUG [Forwarding get on session 9fcd0c19-c00b-4748-a115-644714cd2541 to remote] headers:136 - http-outgoing-1 >> Content-Type: application/json; charset=utf-8
2018-01-10 12:34:08,907 DEBUG [Forwarding get on session 9fcd0c19-c00b-4748-a115-644714cd2541 to remote] headers:136 - http-outgoing-1 >> Content-Length: 33
2018-01-10 12:34:08,907 DEBUG [Forwarding get on session 9fcd0c19-c00b-4748-a115-644714cd2541 to remote] headers:136 - http-outgoing-1 >> Host: localhost:8880
2018-01-10 12:34:08,907 DEBUG [Forwarding get on session 9fcd0c19-c00b-4748-a115-644714cd2541 to remote] headers:136 - http-outgoing-1 >> Connection: Keep-Alive
2018-01-10 12:34:08,907 DEBUG [Forwarding get on session 9fcd0c19-c00b-4748-a115-644714cd2541 to remote] headers:136 - http-outgoing-1 >> User-Agent: Apache-HttpClient/4.5.3 (Java/1.8.0_144)
2018-01-10 12:34:08,907 DEBUG [Forwarding get on session 9fcd0c19-c00b-4748-a115-644714cd2541 to remote] headers:136 - http-outgoing-1 >> Accept-Encoding: gzip,deflate
2018-01-10 12:34:08,907 DEBUG [Forwarding get on session 9fcd0c19-c00b-4748-a115-644714cd2541 to remote] wire:73 - http-outgoing-1 >> "POST /session/9fcd0c19-c00b-4748-a115-644714cd2541/url HTTP/1.1[\r][\n]"
2018-01-10 12:34:08,907 DEBUG [Forwarding get on session 9fcd0c19-c00b-4748-a115-644714cd2541 to remote] wire:73 - http-outgoing-1 >> "Content-Type: application/json; charset=utf-8[\r][\n]"
2018-01-10 12:34:08,908 DEBUG [Forwarding get on session 9fcd0c19-c00b-4748-a115-644714cd2541 to remote] wire:73 - http-outgoing-1 >> "Content-Length: 33[\r][\n]"
2018-01-10 12:34:08,908 DEBUG [Forwarding get on session 9fcd0c19-c00b-4748-a115-644714cd2541 to remote] wire:73 - http-outgoing-1 >> "Host: localhost:8880[\r][\n]"
2018-01-10 12:34:08,908 DEBUG [Forwarding get on session 9fcd0c19-c00b-4748-a115-644714cd2541 to remote] wire:73 - http-outgoing-1 >> "Connection: Keep-Alive[\r][\n]"
2018-01-10 12:34:08,908 DEBUG [Forwarding get on session 9fcd0c19-c00b-4748-a115-644714cd2541 to remote] wire:73 - http-outgoing-1 >> "User-Agent: Apache-HttpClient/4.5.3 (Java/1.8.0_144)[\r][\n]"
2018-01-10 12:34:08,908 DEBUG [Forwarding get on session 9fcd0c19-c00b-4748-a115-644714cd2541 to remote] wire:73 - http-outgoing-1 >> "Accept-Encoding: gzip,deflate[\r][\n]"
2018-01-10 12:34:08,908 DEBUG [Forwarding get on session 9fcd0c19-c00b-4748-a115-644714cd2541 to remote] wire:73 - http-outgoing-1 >> "[\r][\n]"
2018-01-10 12:34:08,908 DEBUG [Forwarding get on session 9fcd0c19-c00b-4748-a115-644714cd2541 to remote] wire:87 - http-outgoing-1 >> "{"url":"https://www.freecrm.com"}"
2018-01-10 12:34:21,724 DEBUG [Forwarding get on session 9fcd0c19-c00b-4748-a115-644714cd2541 to remote] wire:73 - http-outgoing-1 << "HTTP/1.1 200 OK[\r][\n]"
2018-01-10 12:34:21,724 DEBUG [Forwarding get on session 9fcd0c19-c00b-4748-a115-644714cd2541 to remote] wire:73 - http-outgoing-1 << "Connection: close[\r][\n]"
2018-01-10 12:34:21,725 DEBUG [Forwarding get on session 9fcd0c19-c00b-4748-a115-644714cd2541 to remote] wire:73 - http-outgoing-1 << "Content-Type: application/json; charset=utf-8[\r][\n]"
2018-01-10 12:34:21,725 DEBUG [Forwarding get on session 9fcd0c19-c00b-4748-a115-644714cd2541 to remote] wire:73 - http-outgoing-1 << "Cache-Control: no-cache[\r][\n]"
2018-01-10 12:34:21,725 DEBUG [Forwarding get on session 9fcd0c19-c00b-4748-a115-644714cd2541 to remote] wire:73 - http-outgoing-1 << "Content-Length: 13[\r][\n]"
2018-01-10 12:34:21,725 DEBUG [Forwarding get on session 9fcd0c19-c00b-4748-a115-644714cd2541 to remote] wire:73 - http-outgoing-1 << "Date: Wed, 10 Jan 2018 07:04:21 GMT[\r][\n]"
2018-01-10 12:34:21,725 DEBUG [Forwarding get on session 9fcd0c19-c00b-4748-a115-644714cd2541 to remote] wire:73 - http-outgoing-1 << "[\r][\n]"
2018-01-10 12:34:21,725 DEBUG [Forwarding get on session 9fcd0c19-c00b-4748-a115-644714cd2541 to remote] wire:87 - http-outgoing-1 << "{"value": {}}"
2018-01-10 12:34:21,725 DEBUG [Forwarding get on session 9fcd0c19-c00b-4748-a115-644714cd2541 to remote] headers:122 - http-outgoing-1 << HTTP/1.1 200 OK
2018-01-10 12:34:21,726 DEBUG [Forwarding get on session 9fcd0c19-c00b-4748-a115-644714cd2541 to remote] headers:125 - http-outgoing-1 << Connection: close
2018-01-10 12:34:21,726 DEBUG [Forwarding get on session 9fcd0c19-c00b-4748-a115-644714cd2541 to remote] headers:125 - http-outgoing-1 << Content-Type: application/json; charset=utf-8
2018-01-10 12:34:21,726 DEBUG [Forwarding get on session 9fcd0c19-c00b-4748-a115-644714cd2541 to remote] headers:125 - http-outgoing-1 << Cache-Control: no-cache
2018-01-10 12:34:21,726 DEBUG [Forwarding get on session 9fcd0c19-c00b-4748-a115-644714cd2541 to remote] headers:125 - http-outgoing-1 << Content-Length: 13
2018-01-10 12:34:21,726 DEBUG [Forwarding get on session 9fcd0c19-c00b-4748-a115-644714cd2541 to remote] headers:125 - http-outgoing-1 << Date: Wed, 10 Jan 2018 07:04:21 GMT
2018-01-10 12:34:21,726 DEBUG [Forwarding get on session 9fcd0c19-c00b-4748-a115-644714cd2541 to remote] DefaultManagedHttpClientConnection:79 - http-outgoing-1: Close connection
2018-01-10 12:34:21,727 DEBUG [Forwarding get on session 9fcd0c19-c00b-4748-a115-644714cd2541 to remote] MainClientExec:104 - Connection discarded
2018-01-10 12:34:21,727 DEBUG [Forwarding get on session 9fcd0c19-c00b-4748-a115-644714cd2541 to remote] PoolingHttpClientConnectionManager:326 - Connection released: [id: 1][route: {}->http://localhost:8880][total kept alive: 0; route allocated: 0 of 2000; total allocated: 0 of 2000]
2018-01-10 12:34:41,743 DEBUG [Forwarding newSession on session null to remote] RequestAddCookies:123 - CookieSpec selected: default
2018-01-10 12:34:41,760 DEBUG [Forwarding newSession on session null to remote] RequestAuthCache:77 - Auth cache not set in the context
2018-01-10 12:34:41,761 DEBUG [Forwarding newSession on session null to remote] PoolingHttpClientConnectionManager:255 - Connection request: [route: {}->http://localhost:21411][total kept alive: 0; route allocated: 0 of 2000; total allocated: 0 of 2000]
2018-01-10 12:34:41,774 DEBUG [Forwarding newSession on session null to remote] PoolingHttpClientConnectionManager:288 - Connection leased: [id: 0][route: {}->http://localhost:21411][total kept alive: 0; route allocated: 1 of 2000; total allocated: 1 of 2000]
2018-01-10 12:34:41,775 DEBUG [Forwarding newSession on session null to remote] MainClientExec:235 - Opening connection {}->http://localhost:21411
2018-01-10 12:34:41,776 DEBUG [Forwarding newSession on session null to remote] DefaultHttpClientConnectionOperator:139 - Connecting to localhost/127.0.0.1:21411
2018-01-10 12:34:41,778 DEBUG [Forwarding newSession on session null to remote] DefaultHttpClientConnectionOperator:146 - Connection established 127.0.0.1:62911<->127.0.0.1:21411
2018-01-10 12:34:41,778 DEBUG [Forwarding newSession on session null to remote] DefaultManagedHttpClientConnection:88 - http-outgoing-0: set socket timeout to 10800000
2018-01-10 12:34:41,778 DEBUG [Forwarding newSession on session null to remote] MainClientExec:256 - Executing request POST /session HTTP/1.1
2018-01-10 12:34:41,779 DEBUG [Forwarding newSession on session null to remote] MainClientExec:261 - Target auth state: UNCHALLENGED
2018-01-10 12:34:41,779 DEBUG [Forwarding newSession on session null to remote] MainClientExec:267 - Proxy auth state: UNCHALLENGED
2018-01-10 12:34:41,784 DEBUG [Forwarding newSession on session null to remote] headers:133 - http-outgoing-0 >> POST /session HTTP/1.1
2018-01-10 12:34:41,785 DEBUG [Forwarding newSession on session null to remote] headers:136 - http-outgoing-0 >> Content-Type: application/json; charset=utf-8
2018-01-10 12:34:41,785 DEBUG [Forwarding newSession on session null to remote] headers:136 - http-outgoing-0 >> Content-Length: 404
2018-01-10 12:34:41,785 DEBUG [Forwarding newSession on session null to remote] headers:136 - http-outgoing-0 >> Host: localhost:21411
2018-01-10 12:34:41,785 DEBUG [Forwarding newSession on session null to remote] headers:136 - http-outgoing-0 >> Connection: Keep-Alive
2018-01-10 12:34:41,786 DEBUG [Forwarding newSession on session null to remote] headers:136 - http-outgoing-0 >> User-Agent: Apache-HttpClient/4.5.3 (Java/1.8.0_144)
2018-01-10 12:34:41,787 DEBUG [Forwarding newSession on session null to remote] headers:136 - http-outgoing-0 >> Accept-Encoding: gzip,deflate
2018-01-10 12:34:41,787 DEBUG [Forwarding newSession on session null to remote] wire:73 - http-outgoing-0 >> "POST /session HTTP/1.1[\r][\n]"
2018-01-10 12:34:41,787 DEBUG [Forwarding newSession on session null to remote] wire:73 - http-outgoing-0 >> "Content-Type: application/json; charset=utf-8[\r][\n]"
2018-01-10 12:34:41,788 DEBUG [Forwarding newSession on session null to remote] wire:73 - http-outgoing-0 >> "Content-Length: 404[\r][\n]"
2018-01-10 12:34:41,788 DEBUG [Forwarding newSession on session null to remote] wire:73 - http-outgoing-0 >> "Host: localhost:21411[\r][\n]"
2018-01-10 12:34:41,788 DEBUG [Forwarding newSession on session null to remote] wire:73 - http-outgoing-0 >> "Connection: Keep-Alive[\r][\n]"
2018-01-10 12:34:41,788 DEBUG [Forwarding newSession on session null to remote] wire:73 - http-outgoing-0 >> "User-Agent: Apache-HttpClient/4.5.3 (Java/1.8.0_144)[\r][\n]"
2018-01-10 12:34:41,788 DEBUG [Forwarding newSession on session null to remote] wire:73 - http-outgoing-0 >> "Accept-Encoding: gzip,deflate[\r][\n]"
2018-01-10 12:34:41,789 DEBUG [Forwarding newSession on session null to remote] wire:73 - http-outgoing-0 >> "[\r][\n]"
2018-01-10 12:34:41,789 DEBUG [Forwarding newSession on session null to remote] wire:73 - http-outgoing-0 >> "{[\n]"
2018-01-10 12:34:41,789 DEBUG [Forwarding newSession on session null to remote] wire:73 - http-outgoing-0 >> "  "desiredCapabilities": {"acceptInsecureCerts":true,"browserName":"firefox","moz:firefoxOptions":{"args":[],"prefs":{}}},[\n]"
2018-01-10 12:34:41,789 DEBUG [Forwarding newSession on session null to remote] wire:73 - http-outgoing-0 >> "  "capabilities": {[\n]"
2018-01-10 12:34:41,789 DEBUG [Forwarding newSession on session null to remote] wire:73 - http-outgoing-0 >> "    "desiredCapabilities": {"acceptInsecureCerts":true,"browserName":"firefox","moz:firefoxOptions":{"args":[],"prefs":{}}},[\n]"
2018-01-10 12:34:41,789 DEBUG [Forwarding newSession on session null to remote] wire:73 - http-outgoing-0 >> "    "firstMatch": [[\n]"
2018-01-10 12:34:41,790 DEBUG [Forwarding newSession on session null to remote] wire:73 - http-outgoing-0 >> "      {"acceptInsecureCerts":true,"browserName":"firefox","moz:firefoxOptions":{"args":[],"prefs":{}}}[\n]"
2018-01-10 12:34:41,790 DEBUG [Forwarding newSession on session null to remote] wire:73 - http-outgoing-0 >> "    ][\n]"
2018-01-10 12:34:41,790 DEBUG [Forwarding newSession on session null to remote] wire:73 - http-outgoing-0 >> "  }[\n]"
2018-01-10 12:34:41,790 DEBUG [Forwarding newSession on session null to remote] wire:87 - http-outgoing-0 >> "}"
2018-01-10 12:34:50,743 DEBUG [Forwarding newSession on session null to remote] wire:73 - http-outgoing-0 << "HTTP/1.1 200 OK[\r][\n]"
2018-01-10 12:34:50,743 DEBUG [Forwarding newSession on session null to remote] wire:73 - http-outgoing-0 << "Connection: close[\r][\n]"
2018-01-10 12:34:50,743 DEBUG [Forwarding newSession on session null to remote] wire:73 - http-outgoing-0 << "Content-Type: application/json; charset=utf-8[\r][\n]"
2018-01-10 12:34:50,744 DEBUG [Forwarding newSession on session null to remote] wire:73 - http-outgoing-0 << "Cache-Control: no-cache[\r][\n]"
2018-01-10 12:34:50,744 DEBUG [Forwarding newSession on session null to remote] wire:73 - http-outgoing-0 << "Content-Length: 502[\r][\n]"
2018-01-10 12:34:50,744 DEBUG [Forwarding newSession on session null to remote] wire:73 - http-outgoing-0 << "Date: Wed, 10 Jan 2018 07:04:50 GMT[\r][\n]"
2018-01-10 12:34:50,744 DEBUG [Forwarding newSession on session null to remote] wire:73 - http-outgoing-0 << "[\r][\n]"
2018-01-10 12:34:50,745 DEBUG [Forwarding newSession on session null to remote] wire:87 - http-outgoing-0 << "{"value": {"sessionId":"c4655889-8e98-4dc4-844e-51dcf330cc96","capabilities":{"acceptInsecureCerts":true,"browserName":"firefox","browserVersion":"56.0.1","moz:accessibilityChecks":false,"moz:headless":false,"moz:processID":9452,"moz:profile":"C:\\Users\\na00450192\\AppData\\Local\\Temp\\rust_mozprofile.uwxUL8AWU3Xj","pageLoadStrategy":"normal","platformName":"windows_nt","platformVersion":"10.0","rotatable":false,"specificationLevel":0,"timeouts":{"implicit":0,"pageLoad":300000,"script":30000}}}}"
2018-01-10 12:34:50,748 DEBUG [Forwarding newSession on session null to remote] headers:122 - http-outgoing-0 << HTTP/1.1 200 OK
2018-01-10 12:34:50,748 DEBUG [Forwarding newSession on session null to remote] headers:125 - http-outgoing-0 << Connection: close
2018-01-10 12:34:50,748 DEBUG [Forwarding newSession on session null to remote] headers:125 - http-outgoing-0 << Content-Type: application/json; charset=utf-8
2018-01-10 12:34:50,748 DEBUG [Forwarding newSession on session null to remote] headers:125 - http-outgoing-0 << Cache-Control: no-cache
2018-01-10 12:34:50,748 DEBUG [Forwarding newSession on session null to remote] headers:125 - http-outgoing-0 << Content-Length: 502
2018-01-10 12:34:50,748 DEBUG [Forwarding newSession on session null to remote] headers:125 - http-outgoing-0 << Date: Wed, 10 Jan 2018 07:04:50 GMT
2018-01-10 12:34:50,754 DEBUG [Forwarding newSession on session null to remote] DefaultManagedHttpClientConnection:79 - http-outgoing-0: Close connection
2018-01-10 12:34:50,755 DEBUG [Forwarding newSession on session null to remote] MainClientExec:104 - Connection discarded
2018-01-10 12:34:50,755 DEBUG [Forwarding newSession on session null to remote] PoolingHttpClientConnectionManager:326 - Connection released: [id: 0][route: {}->http://localhost:21411][total kept alive: 0; route allocated: 0 of 2000; total allocated: 0 of 2000]
2018-01-10 12:34:50,805 DEBUG [Forwarding get on session c4655889-8e98-4dc4-844e-51dcf330cc96 to remote] RequestAddCookies:123 - CookieSpec selected: default
2018-01-10 12:34:50,806 DEBUG [Forwarding get on session c4655889-8e98-4dc4-844e-51dcf330cc96 to remote] RequestAuthCache:77 - Auth cache not set in the context
2018-01-10 12:34:50,806 DEBUG [Forwarding get on session c4655889-8e98-4dc4-844e-51dcf330cc96 to remote] PoolingHttpClientConnectionManager:255 - Connection request: [route: {}->http://localhost:21411][total kept alive: 0; route allocated: 0 of 2000; total allocated: 0 of 2000]
2018-01-10 12:34:50,806 DEBUG [Forwarding get on session c4655889-8e98-4dc4-844e-51dcf330cc96 to remote] PoolingHttpClientConnectionManager:288 - Connection leased: [id: 1][route: {}->http://localhost:21411][total kept alive: 0; route allocated: 1 of 2000; total allocated: 1 of 2000]
2018-01-10 12:34:50,806 DEBUG [Forwarding get on session c4655889-8e98-4dc4-844e-51dcf330cc96 to remote] MainClientExec:235 - Opening connection {}->http://localhost:21411
2018-01-10 12:34:50,807 DEBUG [Forwarding get on session c4655889-8e98-4dc4-844e-51dcf330cc96 to remote] DefaultHttpClientConnectionOperator:139 - Connecting to localhost/127.0.0.1:21411
2018-01-10 12:34:50,808 DEBUG [Forwarding get on session c4655889-8e98-4dc4-844e-51dcf330cc96 to remote] DefaultHttpClientConnectionOperator:146 - Connection established 127.0.0.1:62930<->127.0.0.1:21411
2018-01-10 12:34:50,808 DEBUG [Forwarding get on session c4655889-8e98-4dc4-844e-51dcf330cc96 to remote] DefaultManagedHttpClientConnection:88 - http-outgoing-1: set socket timeout to 10800000
2018-01-10 12:34:50,808 DEBUG [Forwarding get on session c4655889-8e98-4dc4-844e-51dcf330cc96 to remote] MainClientExec:256 - Executing request POST /session/c4655889-8e98-4dc4-844e-51dcf330cc96/url HTTP/1.1
2018-01-10 12:34:50,808 DEBUG [Forwarding get on session c4655889-8e98-4dc4-844e-51dcf330cc96 to remote] MainClientExec:261 - Target auth state: UNCHALLENGED
2018-01-10 12:34:50,808 DEBUG [Forwarding get on session c4655889-8e98-4dc4-844e-51dcf330cc96 to remote] MainClientExec:267 - Proxy auth state: UNCHALLENGED
2018-01-10 12:34:50,809 DEBUG [Forwarding get on session c4655889-8e98-4dc4-844e-51dcf330cc96 to remote] headers:133 - http-outgoing-1 >> POST /session/c4655889-8e98-4dc4-844e-51dcf330cc96/url HTTP/1.1
2018-01-10 12:34:50,809 DEBUG [Forwarding get on session c4655889-8e98-4dc4-844e-51dcf330cc96 to remote] headers:136 - http-outgoing-1 >> Content-Type: application/json; charset=utf-8
2018-01-10 12:34:50,809 DEBUG [Forwarding get on session c4655889-8e98-4dc4-844e-51dcf330cc96 to remote] headers:136 - http-outgoing-1 >> Content-Length: 33
2018-01-10 12:34:50,809 DEBUG [Forwarding get on session c4655889-8e98-4dc4-844e-51dcf330cc96 to remote] headers:136 - http-outgoing-1 >> Host: localhost:21411
2018-01-10 12:34:50,809 DEBUG [Forwarding get on session c4655889-8e98-4dc4-844e-51dcf330cc96 to remote] headers:136 - http-outgoing-1 >> Connection: Keep-Alive
2018-01-10 12:34:50,809 DEBUG [Forwarding get on session c4655889-8e98-4dc4-844e-51dcf330cc96 to remote] headers:136 - http-outgoing-1 >> User-Agent: Apache-HttpClient/4.5.3 (Java/1.8.0_144)
2018-01-10 12:34:50,810 DEBUG [Forwarding get on session c4655889-8e98-4dc4-844e-51dcf330cc96 to remote] headers:136 - http-outgoing-1 >> Accept-Encoding: gzip,deflate
2018-01-10 12:34:50,810 DEBUG [Forwarding get on session c4655889-8e98-4dc4-844e-51dcf330cc96 to remote] wire:73 - http-outgoing-1 >> "POST /session/c4655889-8e98-4dc4-844e-51dcf330cc96/url HTTP/1.1[\r][\n]"
2018-01-10 12:34:50,810 DEBUG [Forwarding get on session c4655889-8e98-4dc4-844e-51dcf330cc96 to remote] wire:73 - http-outgoing-1 >> "Content-Type: application/json; charset=utf-8[\r][\n]"
2018-01-10 12:34:50,810 DEBUG [Forwarding get on session c4655889-8e98-4dc4-844e-51dcf330cc96 to remote] wire:73 - http-outgoing-1 >> "Content-Length: 33[\r][\n]"
2018-01-10 12:34:50,810 DEBUG [Forwarding get on session c4655889-8e98-4dc4-844e-51dcf330cc96 to remote] wire:73 - http-outgoing-1 >> "Host: localhost:21411[\r][\n]"
2018-01-10 12:34:50,813 DEBUG [Forwarding get on session c4655889-8e98-4dc4-844e-51dcf330cc96 to remote] wire:73 - http-outgoing-1 >> "Connection: Keep-Alive[\r][\n]"
2018-01-10 12:34:50,813 DEBUG [Forwarding get on session c4655889-8e98-4dc4-844e-51dcf330cc96 to remote] wire:73 - http-outgoing-1 >> "User-Agent: Apache-HttpClient/4.5.3 (Java/1.8.0_144)[\r][\n]"
2018-01-10 12:34:50,813 DEBUG [Forwarding get on session c4655889-8e98-4dc4-844e-51dcf330cc96 to remote] wire:73 - http-outgoing-1 >> "Accept-Encoding: gzip,deflate[\r][\n]"
2018-01-10 12:34:50,813 DEBUG [Forwarding get on session c4655889-8e98-4dc4-844e-51dcf330cc96 to remote] wire:73 - http-outgoing-1 >> "[\r][\n]"
2018-01-10 12:34:50,814 DEBUG [Forwarding get on session c4655889-8e98-4dc4-844e-51dcf330cc96 to remote] wire:87 - http-outgoing-1 >> "{"url":"https://www.freecrm.com"}"
2018-01-10 12:34:59,704 DEBUG [Forwarding get on session c4655889-8e98-4dc4-844e-51dcf330cc96 to remote] wire:73 - http-outgoing-1 << "HTTP/1.1 200 OK[\r][\n]"
2018-01-10 12:34:59,705 DEBUG [Forwarding get on session c4655889-8e98-4dc4-844e-51dcf330cc96 to remote] wire:73 - http-outgoing-1 << "Connection: close[\r][\n]"
2018-01-10 12:34:59,705 DEBUG [Forwarding get on session c4655889-8e98-4dc4-844e-51dcf330cc96 to remote] wire:73 - http-outgoing-1 << "Content-Type: application/json; charset=utf-8[\r][\n]"
2018-01-10 12:34:59,705 DEBUG [Forwarding get on session c4655889-8e98-4dc4-844e-51dcf330cc96 to remote] wire:73 - http-outgoing-1 << "Cache-Control: no-cache[\r][\n]"
2018-01-10 12:34:59,706 DEBUG [Forwarding get on session c4655889-8e98-4dc4-844e-51dcf330cc96 to remote] wire:73 - http-outgoing-1 << "Content-Length: 13[\r][\n]"
2018-01-10 12:34:59,706 DEBUG [Forwarding get on session c4655889-8e98-4dc4-844e-51dcf330cc96 to remote] wire:73 - http-outgoing-1 << "Date: Wed, 10 Jan 2018 07:04:59 GMT[\r][\n]"
2018-01-10 12:34:59,706 DEBUG [Forwarding get on session c4655889-8e98-4dc4-844e-51dcf330cc96 to remote] wire:73 - http-outgoing-1 << "[\r][\n]"
2018-01-10 12:34:59,706 DEBUG [Forwarding get on session c4655889-8e98-4dc4-844e-51dcf330cc96 to remote] wire:87 - http-outgoing-1 << "{"value": {}}"
2018-01-10 12:34:59,706 DEBUG [Forwarding get on session c4655889-8e98-4dc4-844e-51dcf330cc96 to remote] headers:122 - http-outgoing-1 << HTTP/1.1 200 OK
2018-01-10 12:34:59,706 DEBUG [Forwarding get on session c4655889-8e98-4dc4-844e-51dcf330cc96 to remote] headers:125 - http-outgoing-1 << Connection: close
2018-01-10 12:34:59,707 DEBUG [Forwarding get on session c4655889-8e98-4dc4-844e-51dcf330cc96 to remote] headers:125 - http-outgoing-1 << Content-Type: application/json; charset=utf-8
2018-01-10 12:34:59,707 DEBUG [Forwarding get on session c4655889-8e98-4dc4-844e-51dcf330cc96 to remote] headers:125 - http-outgoing-1 << Cache-Control: no-cache
2018-01-10 12:34:59,707 DEBUG [Forwarding get on session c4655889-8e98-4dc4-844e-51dcf330cc96 to remote] headers:125 - http-outgoing-1 << Content-Length: 13
2018-01-10 12:34:59,708 DEBUG [Forwarding get on session c4655889-8e98-4dc4-844e-51dcf330cc96 to remote] headers:125 - http-outgoing-1 << Date: Wed, 10 Jan 2018 07:04:59 GMT
2018-01-10 12:34:59,708 DEBUG [Forwarding get on session c4655889-8e98-4dc4-844e-51dcf330cc96 to remote] DefaultManagedHttpClientConnection:79 - http-outgoing-1: Close connection
2018-01-10 12:34:59,708 DEBUG [Forwarding get on session c4655889-8e98-4dc4-844e-51dcf330cc96 to remote] MainClientExec:104 - Connection discarded
2018-01-10 12:34:59,709 DEBUG [Forwarding get on session c4655889-8e98-4dc4-844e-51dcf330cc96 to remote] PoolingHttpClientConnectionManager:326 - Connection released: [id: 1][route: {}->http://localhost:21411][total kept alive: 0; route allocated: 0 of 2000; total allocated: 0 of 2000]
2018-01-10 12:35:40,511 DEBUG [Forwarding newSession on session null to remote] RequestAddCookies:123 - CookieSpec selected: default
2018-01-10 12:35:40,552 DEBUG [Forwarding newSession on session null to remote] RequestAuthCache:77 - Auth cache not set in the context
2018-01-10 12:35:40,558 DEBUG [Forwarding newSession on session null to remote] PoolingHttpClientConnectionManager:255 - Connection request: [route: {}->http://localhost:20766][total kept alive: 0; route allocated: 0 of 2000; total allocated: 0 of 2000]
2018-01-10 12:35:40,641 DEBUG [Forwarding newSession on session null to remote] PoolingHttpClientConnectionManager:288 - Connection leased: [id: 0][route: {}->http://localhost:20766][total kept alive: 0; route allocated: 1 of 2000; total allocated: 1 of 2000]
2018-01-10 12:35:40,644 DEBUG [Forwarding newSession on session null to remote] MainClientExec:235 - Opening connection {}->http://localhost:20766
2018-01-10 12:35:40,646 DEBUG [Forwarding newSession on session null to remote] DefaultHttpClientConnectionOperator:139 - Connecting to localhost/127.0.0.1:20766
2018-01-10 12:35:40,652 DEBUG [Forwarding newSession on session null to remote] DefaultHttpClientConnectionOperator:146 - Connection established 127.0.0.1:63051<->127.0.0.1:20766
2018-01-10 12:35:40,653 DEBUG [Forwarding newSession on session null to remote] DefaultManagedHttpClientConnection:88 - http-outgoing-0: set socket timeout to 10800000
2018-01-10 12:35:40,653 DEBUG [Forwarding newSession on session null to remote] MainClientExec:256 - Executing request POST /session HTTP/1.1
2018-01-10 12:35:40,653 DEBUG [Forwarding newSession on session null to remote] MainClientExec:261 - Target auth state: UNCHALLENGED
2018-01-10 12:35:40,654 DEBUG [Forwarding newSession on session null to remote] MainClientExec:267 - Proxy auth state: UNCHALLENGED
2018-01-10 12:35:40,655 DEBUG [Forwarding newSession on session null to remote] headers:133 - http-outgoing-0 >> POST /session HTTP/1.1
2018-01-10 12:35:40,656 DEBUG [Forwarding newSession on session null to remote] headers:136 - http-outgoing-0 >> Content-Type: application/json; charset=utf-8
2018-01-10 12:35:40,656 DEBUG [Forwarding newSession on session null to remote] headers:136 - http-outgoing-0 >> Content-Length: 404
2018-01-10 12:35:40,656 DEBUG [Forwarding newSession on session null to remote] headers:136 - http-outgoing-0 >> Host: localhost:20766
2018-01-10 12:35:40,657 DEBUG [Forwarding newSession on session null to remote] headers:136 - http-outgoing-0 >> Connection: Keep-Alive
2018-01-10 12:35:40,657 DEBUG [Forwarding newSession on session null to remote] headers:136 - http-outgoing-0 >> User-Agent: Apache-HttpClient/4.5.3 (Java/1.8.0_144)
2018-01-10 12:35:40,658 DEBUG [Forwarding newSession on session null to remote] headers:136 - http-outgoing-0 >> Accept-Encoding: gzip,deflate
2018-01-10 12:35:40,658 DEBUG [Forwarding newSession on session null to remote] wire:73 - http-outgoing-0 >> "POST /session HTTP/1.1[\r][\n]"
2018-01-10 12:35:40,658 DEBUG [Forwarding newSession on session null to remote] wire:73 - http-outgoing-0 >> "Content-Type: application/json; charset=utf-8[\r][\n]"
2018-01-10 12:35:40,659 DEBUG [Forwarding newSession on session null to remote] wire:73 - http-outgoing-0 >> "Content-Length: 404[\r][\n]"
2018-01-10 12:35:40,659 DEBUG [Forwarding newSession on session null to remote] wire:73 - http-outgoing-0 >> "Host: localhost:20766[\r][\n]"
2018-01-10 12:35:40,659 DEBUG [Forwarding newSession on session null to remote] wire:73 - http-outgoing-0 >> "Connection: Keep-Alive[\r][\n]"
2018-01-10 12:35:40,659 DEBUG [Forwarding newSession on session null to remote] wire:73 - http-outgoing-0 >> "User-Agent: Apache-HttpClient/4.5.3 (Java/1.8.0_144)[\r][\n]"
2018-01-10 12:35:40,659 DEBUG [Forwarding newSession on session null to remote] wire:73 - http-outgoing-0 >> "Accept-Encoding: gzip,deflate[\r][\n]"
2018-01-10 12:35:40,659 DEBUG [Forwarding newSession on session null to remote] wire:73 - http-outgoing-0 >> "[\r][\n]"
2018-01-10 12:35:40,660 DEBUG [Forwarding newSession on session null to remote] wire:73 - http-outgoing-0 >> "{[\n]"
2018-01-10 12:35:40,660 DEBUG [Forwarding newSession on session null to remote] wire:73 - http-outgoing-0 >> "  "desiredCapabilities": {"acceptInsecureCerts":true,"browserName":"firefox","moz:firefoxOptions":{"args":[],"prefs":{}}},[\n]"
2018-01-10 12:35:40,660 DEBUG [Forwarding newSession on session null to remote] wire:73 - http-outgoing-0 >> "  "capabilities": {[\n]"
2018-01-10 12:35:40,660 DEBUG [Forwarding newSession on session null to remote] wire:73 - http-outgoing-0 >> "    "desiredCapabilities": {"acceptInsecureCerts":true,"browserName":"firefox","moz:firefoxOptions":{"args":[],"prefs":{}}},[\n]"
2018-01-10 12:35:40,660 DEBUG [Forwarding newSession on session null to remote] wire:73 - http-outgoing-0 >> "    "firstMatch": [[\n]"
2018-01-10 12:35:40,660 DEBUG [Forwarding newSession on session null to remote] wire:73 - http-outgoing-0 >> "      {"acceptInsecureCerts":true,"browserName":"firefox","moz:firefoxOptions":{"args":[],"prefs":{}}}[\n]"
2018-01-10 12:35:40,661 DEBUG [Forwarding newSession on session null to remote] wire:73 - http-outgoing-0 >> "    ][\n]"
2018-01-10 12:35:40,661 DEBUG [Forwarding newSession on session null to remote] wire:73 - http-outgoing-0 >> "  }[\n]"
2018-01-10 12:35:40,661 DEBUG [Forwarding newSession on session null to remote] wire:87 - http-outgoing-0 >> "}"
2018-01-10 12:35:48,121 DEBUG [Forwarding newSession on session null to remote] wire:73 - http-outgoing-0 << "HTTP/1.1 200 OK[\r][\n]"
2018-01-10 12:35:48,121 DEBUG [Forwarding newSession on session null to remote] wire:73 - http-outgoing-0 << "Connection: close[\r][\n]"
2018-01-10 12:35:48,121 DEBUG [Forwarding newSession on session null to remote] wire:73 - http-outgoing-0 << "Content-Type: application/json; charset=utf-8[\r][\n]"
2018-01-10 12:35:48,122 DEBUG [Forwarding newSession on session null to remote] wire:73 - http-outgoing-0 << "Cache-Control: no-cache[\r][\n]"
2018-01-10 12:35:48,122 DEBUG [Forwarding newSession on session null to remote] wire:73 - http-outgoing-0 << "Content-Length: 503[\r][\n]"
2018-01-10 12:35:48,122 DEBUG [Forwarding newSession on session null to remote] wire:73 - http-outgoing-0 << "Date: Wed, 10 Jan 2018 07:05:48 GMT[\r][\n]"
2018-01-10 12:35:48,122 DEBUG [Forwarding newSession on session null to remote] wire:73 - http-outgoing-0 << "[\r][\n]"
2018-01-10 12:35:48,123 DEBUG [Forwarding newSession on session null to remote] wire:87 - http-outgoing-0 << "{"value": {"sessionId":"ae05d4f9-4e31-4e05-94fe-5ecd52986825","capabilities":{"acceptInsecureCerts":true,"browserName":"firefox","browserVersion":"56.0.1","moz:accessibilityChecks":false,"moz:headless":false,"moz:processID":11568,"moz:profile":"C:\\Users\\na00450192\\AppData\\Local\\Temp\\rust_mozprofile.XKCo0EgXhjMz","pageLoadStrategy":"normal","platformName":"windows_nt","platformVersion":"10.0","rotatable":false,"specificationLevel":0,"timeouts":{"implicit":0,"pageLoad":300000,"script":30000}}}}"
2018-01-10 12:35:48,125 DEBUG [Forwarding newSession on session null to remote] headers:122 - http-outgoing-0 << HTTP/1.1 200 OK
2018-01-10 12:35:48,126 DEBUG [Forwarding newSession on session null to remote] headers:125 - http-outgoing-0 << Connection: close
2018-01-10 12:35:48,126 DEBUG [Forwarding newSession on session null to remote] headers:125 - http-outgoing-0 << Content-Type: application/json; charset=utf-8
2018-01-10 12:35:48,126 DEBUG [Forwarding newSession on session null to remote] headers:125 - http-outgoing-0 << Cache-Control: no-cache
2018-01-10 12:35:48,126 DEBUG [Forwarding newSession on session null to remote] headers:125 - http-outgoing-0 << Content-Length: 503
2018-01-10 12:35:48,126 DEBUG [Forwarding newSession on session null to remote] headers:125 - http-outgoing-0 << Date: Wed, 10 Jan 2018 07:05:48 GMT
2018-01-10 12:35:48,131 DEBUG [Forwarding newSession on session null to remote] DefaultManagedHttpClientConnection:79 - http-outgoing-0: Close connection
2018-01-10 12:35:48,132 DEBUG [Forwarding newSession on session null to remote] MainClientExec:104 - Connection discarded
2018-01-10 12:35:48,132 DEBUG [Forwarding newSession on session null to remote] PoolingHttpClientConnectionManager:326 - Connection released: [id: 0][route: {}->http://localhost:20766][total kept alive: 0; route allocated: 0 of 2000; total allocated: 0 of 2000]
2018-01-10 12:35:48,170 DEBUG [Forwarding get on session ae05d4f9-4e31-4e05-94fe-5ecd52986825 to remote] RequestAddCookies:123 - CookieSpec selected: default
2018-01-10 12:35:48,171 DEBUG [Forwarding get on session ae05d4f9-4e31-4e05-94fe-5ecd52986825 to remote] RequestAuthCache:77 - Auth cache not set in the context
2018-01-10 12:35:48,171 DEBUG [Forwarding get on session ae05d4f9-4e31-4e05-94fe-5ecd52986825 to remote] PoolingHttpClientConnectionManager:255 - Connection request: [route: {}->http://localhost:20766][total kept alive: 0; route allocated: 0 of 2000; total allocated: 0 of 2000]
2018-01-10 12:35:48,171 DEBUG [Forwarding get on session ae05d4f9-4e31-4e05-94fe-5ecd52986825 to remote] PoolingHttpClientConnectionManager:288 - Connection leased: [id: 1][route: {}->http://localhost:20766][total kept alive: 0; route allocated: 1 of 2000; total allocated: 1 of 2000]
2018-01-10 12:35:48,171 DEBUG [Forwarding get on session ae05d4f9-4e31-4e05-94fe-5ecd52986825 to remote] MainClientExec:235 - Opening connection {}->http://localhost:20766
2018-01-10 12:35:48,172 DEBUG [Forwarding get on session ae05d4f9-4e31-4e05-94fe-5ecd52986825 to remote] DefaultHttpClientConnectionOperator:139 - Connecting to localhost/127.0.0.1:20766
2018-01-10 12:35:48,173 DEBUG [Forwarding get on session ae05d4f9-4e31-4e05-94fe-5ecd52986825 to remote] DefaultHttpClientConnectionOperator:146 - Connection established 127.0.0.1:63071<->127.0.0.1:20766
2018-01-10 12:35:48,173 DEBUG [Forwarding get on session ae05d4f9-4e31-4e05-94fe-5ecd52986825 to remote] DefaultManagedHttpClientConnection:88 - http-outgoing-1: set socket timeout to 10800000
2018-01-10 12:35:48,174 DEBUG [Forwarding get on session ae05d4f9-4e31-4e05-94fe-5ecd52986825 to remote] MainClientExec:256 - Executing request POST /session/ae05d4f9-4e31-4e05-94fe-5ecd52986825/url HTTP/1.1
2018-01-10 12:35:48,174 DEBUG [Forwarding get on session ae05d4f9-4e31-4e05-94fe-5ecd52986825 to remote] MainClientExec:261 - Target auth state: UNCHALLENGED
2018-01-10 12:35:48,174 DEBUG [Forwarding get on session ae05d4f9-4e31-4e05-94fe-5ecd52986825 to remote] MainClientExec:267 - Proxy auth state: UNCHALLENGED
2018-01-10 12:35:48,174 DEBUG [Forwarding get on session ae05d4f9-4e31-4e05-94fe-5ecd52986825 to remote] headers:133 - http-outgoing-1 >> POST /session/ae05d4f9-4e31-4e05-94fe-5ecd52986825/url HTTP/1.1
2018-01-10 12:35:48,175 DEBUG [Forwarding get on session ae05d4f9-4e31-4e05-94fe-5ecd52986825 to remote] headers:136 - http-outgoing-1 >> Content-Type: application/json; charset=utf-8
2018-01-10 12:35:48,175 DEBUG [Forwarding get on session ae05d4f9-4e31-4e05-94fe-5ecd52986825 to remote] headers:136 - http-outgoing-1 >> Content-Length: 33
2018-01-10 12:35:48,175 DEBUG [Forwarding get on session ae05d4f9-4e31-4e05-94fe-5ecd52986825 to remote] headers:136 - http-outgoing-1 >> Host: localhost:20766
2018-01-10 12:35:48,175 DEBUG [Forwarding get on session ae05d4f9-4e31-4e05-94fe-5ecd52986825 to remote] headers:136 - http-outgoing-1 >> Connection: Keep-Alive
2018-01-10 12:35:48,175 DEBUG [Forwarding get on session ae05d4f9-4e31-4e05-94fe-5ecd52986825 to remote] headers:136 - http-outgoing-1 >> User-Agent: Apache-HttpClient/4.5.3 (Java/1.8.0_144)
2018-01-10 12:35:48,175 DEBUG [Forwarding get on session ae05d4f9-4e31-4e05-94fe-5ecd52986825 to remote] headers:136 - http-outgoing-1 >> Accept-Encoding: gzip,deflate
2018-01-10 12:35:48,176 DEBUG [Forwarding get on session ae05d4f9-4e31-4e05-94fe-5ecd52986825 to remote] wire:73 - http-outgoing-1 >> "POST /session/ae05d4f9-4e31-4e05-94fe-5ecd52986825/url HTTP/1.1[\r][\n]"
2018-01-10 12:35:48,176 DEBUG [Forwarding get on session ae05d4f9-4e31-4e05-94fe-5ecd52986825 to remote] wire:73 - http-outgoing-1 >> "Content-Type: application/json; charset=utf-8[\r][\n]"
2018-01-10 12:35:48,176 DEBUG [Forwarding get on session ae05d4f9-4e31-4e05-94fe-5ecd52986825 to remote] wire:73 - http-outgoing-1 >> "Content-Length: 33[\r][\n]"
2018-01-10 12:35:48,176 DEBUG [Forwarding get on session ae05d4f9-4e31-4e05-94fe-5ecd52986825 to remote] wire:73 - http-outgoing-1 >> "Host: localhost:20766[\r][\n]"
2018-01-10 12:35:48,176 DEBUG [Forwarding get on session ae05d4f9-4e31-4e05-94fe-5ecd52986825 to remote] wire:73 - http-outgoing-1 >> "Connection: Keep-Alive[\r][\n]"
2018-01-10 12:35:48,176 DEBUG [Forwarding get on session ae05d4f9-4e31-4e05-94fe-5ecd52986825 to remote] wire:73 - http-outgoing-1 >> "User-Agent: Apache-HttpClient/4.5.3 (Java/1.8.0_144)[\r][\n]"
2018-01-10 12:35:48,176 DEBUG [Forwarding get on session ae05d4f9-4e31-4e05-94fe-5ecd52986825 to remote] wire:73 - http-outgoing-1 >> "Accept-Encoding: gzip,deflate[\r][\n]"
2018-01-10 12:35:48,177 DEBUG [Forwarding get on session ae05d4f9-4e31-4e05-94fe-5ecd52986825 to remote] wire:73 - http-outgoing-1 >> "[\r][\n]"
2018-01-10 12:35:48,177 DEBUG [Forwarding get on session ae05d4f9-4e31-4e05-94fe-5ecd52986825 to remote] wire:87 - http-outgoing-1 >> "{"url":"https://www.freecrm.com"}"
2018-01-10 12:35:58,671 DEBUG [Forwarding get on session ae05d4f9-4e31-4e05-94fe-5ecd52986825 to remote] wire:73 - http-outgoing-1 << "HTTP/1.1 200 OK[\r][\n]"
2018-01-10 12:35:58,671 DEBUG [Forwarding get on session ae05d4f9-4e31-4e05-94fe-5ecd52986825 to remote] wire:73 - http-outgoing-1 << "Connection: close[\r][\n]"
2018-01-10 12:35:58,672 DEBUG [Forwarding get on session ae05d4f9-4e31-4e05-94fe-5ecd52986825 to remote] wire:73 - http-outgoing-1 << "Content-Type: application/json; charset=utf-8[\r][\n]"
2018-01-10 12:35:58,672 DEBUG [Forwarding get on session ae05d4f9-4e31-4e05-94fe-5ecd52986825 to remote] wire:73 - http-outgoing-1 << "Cache-Control: no-cache[\r][\n]"
2018-01-10 12:35:58,672 DEBUG [Forwarding get on session ae05d4f9-4e31-4e05-94fe-5ecd52986825 to remote] wire:73 - http-outgoing-1 << "Content-Length: 13[\r][\n]"
2018-01-10 12:35:58,672 DEBUG [Forwarding get on session ae05d4f9-4e31-4e05-94fe-5ecd52986825 to remote] wire:73 - http-outgoing-1 << "Date: Wed, 10 Jan 2018 07:05:58 GMT[\r][\n]"
2018-01-10 12:35:58,672 DEBUG [Forwarding get on session ae05d4f9-4e31-4e05-94fe-5ecd52986825 to remote] wire:73 - http-outgoing-1 << "[\r][\n]"
2018-01-10 12:35:58,672 DEBUG [Forwarding get on session ae05d4f9-4e31-4e05-94fe-5ecd52986825 to remote] wire:87 - http-outgoing-1 << "{"value": {}}"
2018-01-10 12:35:58,673 DEBUG [Forwarding get on session ae05d4f9-4e31-4e05-94fe-5ecd52986825 to remote] headers:122 - http-outgoing-1 << HTTP/1.1 200 OK
2018-01-10 12:35:58,673 DEBUG [Forwarding get on session ae05d4f9-4e31-4e05-94fe-5ecd52986825 to remote] headers:125 - http-outgoing-1 << Connection: close
2018-01-10 12:35:58,673 DEBUG [Forwarding get on session ae05d4f9-4e31-4e05-94fe-5ecd52986825 to remote] headers:125 - http-outgoing-1 << Content-Type: application/json; charset=utf-8
2018-01-10 12:35:58,673 DEBUG [Forwarding get on session ae05d4f9-4e31-4e05-94fe-5ecd52986825 to remote] headers:125 - http-outgoing-1 << Cache-Control: no-cache
2018-01-10 12:35:58,673 DEBUG [Forwarding get on session ae05d4f9-4e31-4e05-94fe-5ecd52986825 to remote] headers:125 - http-outgoing-1 << Content-Length: 13
2018-01-10 12:35:58,673 DEBUG [Forwarding get on session ae05d4f9-4e31-4e05-94fe-5ecd52986825 to remote] headers:125 - http-outgoing-1 << Date: Wed, 10 Jan 2018 07:05:58 GMT
2018-01-10 12:35:58,673 DEBUG [Forwarding get on session ae05d4f9-4e31-4e05-94fe-5ecd52986825 to remote] DefaultManagedHttpClientConnection:79 - http-outgoing-1: Close connection
2018-01-10 12:35:58,674 DEBUG [Forwarding get on session ae05d4f9-4e31-4e05-94fe-5ecd52986825 to remote] MainClientExec:104 - Connection discarded
2018-01-10 12:35:58,674 DEBUG [Forwarding get on session ae05d4f9-4e31-4e05-94fe-5ecd52986825 to remote] PoolingHttpClientConnectionManager:326 - Connection released: [id: 1][route: {}->http://localhost:20766][total kept alive: 0; route allocated: 0 of 2000; total allocated: 0 of 2000]
2018-01-10 12:36:15,466 DEBUG [Forwarding newSession on session null to remote] RequestAddCookies:123 - CookieSpec selected: default
2018-01-10 12:36:15,477 DEBUG [Forwarding newSession on session null to remote] RequestAuthCache:77 - Auth cache not set in the context
2018-01-10 12:36:15,478 DEBUG [Forwarding newSession on session null to remote] PoolingHttpClientConnectionManager:255 - Connection request: [route: {}->http://localhost:6131][total kept alive: 0; route allocated: 0 of 2000; total allocated: 0 of 2000]
2018-01-10 12:36:15,493 DEBUG [Forwarding newSession on session null to remote] PoolingHttpClientConnectionManager:288 - Connection leased: [id: 0][route: {}->http://localhost:6131][total kept alive: 0; route allocated: 1 of 2000; total allocated: 1 of 2000]
2018-01-10 12:36:15,494 DEBUG [Forwarding newSession on session null to remote] MainClientExec:235 - Opening connection {}->http://localhost:6131
2018-01-10 12:36:15,495 DEBUG [Forwarding newSession on session null to remote] DefaultHttpClientConnectionOperator:139 - Connecting to localhost/127.0.0.1:6131
2018-01-10 12:36:15,497 DEBUG [Forwarding newSession on session null to remote] DefaultHttpClientConnectionOperator:146 - Connection established 127.0.0.1:63189<->127.0.0.1:6131
2018-01-10 12:36:15,497 DEBUG [Forwarding newSession on session null to remote] DefaultManagedHttpClientConnection:88 - http-outgoing-0: set socket timeout to 10800000
2018-01-10 12:36:15,498 DEBUG [Forwarding newSession on session null to remote] MainClientExec:256 - Executing request POST /session HTTP/1.1
2018-01-10 12:36:15,498 DEBUG [Forwarding newSession on session null to remote] MainClientExec:261 - Target auth state: UNCHALLENGED
2018-01-10 12:36:15,499 DEBUG [Forwarding newSession on session null to remote] MainClientExec:267 - Proxy auth state: UNCHALLENGED
2018-01-10 12:36:15,501 DEBUG [Forwarding newSession on session null to remote] headers:133 - http-outgoing-0 >> POST /session HTTP/1.1
2018-01-10 12:36:15,502 DEBUG [Forwarding newSession on session null to remote] headers:136 - http-outgoing-0 >> Content-Type: application/json; charset=utf-8
2018-01-10 12:36:15,502 DEBUG [Forwarding newSession on session null to remote] headers:136 - http-outgoing-0 >> Content-Length: 404
2018-01-10 12:36:15,502 DEBUG [Forwarding newSession on session null to remote] headers:136 - http-outgoing-0 >> Host: localhost:6131
2018-01-10 12:36:15,502 DEBUG [Forwarding newSession on session null to remote] headers:136 - http-outgoing-0 >> Connection: Keep-Alive
2018-01-10 12:36:15,503 DEBUG [Forwarding newSession on session null to remote] headers:136 - http-outgoing-0 >> User-Agent: Apache-HttpClient/4.5.3 (Java/1.8.0_144)
2018-01-10 12:36:15,503 DEBUG [Forwarding newSession on session null to remote] headers:136 - http-outgoing-0 >> Accept-Encoding: gzip,deflate
2018-01-10 12:36:15,504 DEBUG [Forwarding newSession on session null to remote] wire:73 - http-outgoing-0 >> "POST /session HTTP/1.1[\r][\n]"
2018-01-10 12:36:15,504 DEBUG [Forwarding newSession on session null to remote] wire:73 - http-outgoing-0 >> "Content-Type: application/json; charset=utf-8[\r][\n]"
2018-01-10 12:36:15,504 DEBUG [Forwarding newSession on session null to remote] wire:73 - http-outgoing-0 >> "Content-Length: 404[\r][\n]"
2018-01-10 12:36:15,504 DEBUG [Forwarding newSession on session null to remote] wire:73 - http-outgoing-0 >> "Host: localhost:6131[\r][\n]"
2018-01-10 12:36:15,505 DEBUG [Forwarding newSession on session null to remote] wire:73 - http-outgoing-0 >> "Connection: Keep-Alive[\r][\n]"
2018-01-10 12:36:15,505 DEBUG [Forwarding newSession on session null to remote] wire:73 - http-outgoing-0 >> "User-Agent: Apache-HttpClient/4.5.3 (Java/1.8.0_144)[\r][\n]"
2018-01-10 12:36:15,505 DEBUG [Forwarding newSession on session null to remote] wire:73 - http-outgoing-0 >> "Accept-Encoding: gzip,deflate[\r][\n]"
2018-01-10 12:36:15,505 DEBUG [Forwarding newSession on session null to remote] wire:73 - http-outgoing-0 >> "[\r][\n]"
2018-01-10 12:36:15,505 DEBUG [Forwarding newSession on session null to remote] wire:73 - http-outgoing-0 >> "{[\n]"
2018-01-10 12:36:15,506 DEBUG [Forwarding newSession on session null to remote] wire:73 - http-outgoing-0 >> "  "desiredCapabilities": {"acceptInsecureCerts":true,"browserName":"firefox","moz:firefoxOptions":{"args":[],"prefs":{}}},[\n]"
2018-01-10 12:36:15,506 DEBUG [Forwarding newSession on session null to remote] wire:73 - http-outgoing-0 >> "  "capabilities": {[\n]"
2018-01-10 12:36:15,506 DEBUG [Forwarding newSession on session null to remote] wire:73 - http-outgoing-0 >> "    "desiredCapabilities": {"acceptInsecureCerts":true,"browserName":"firefox","moz:firefoxOptions":{"args":[],"prefs":{}}},[\n]"
2018-01-10 12:36:15,506 DEBUG [Forwarding newSession on session null to remote] wire:73 - http-outgoing-0 >> "    "firstMatch": [[\n]"
2018-01-10 12:36:15,506 DEBUG [Forwarding newSession on session null to remote] wire:73 - http-outgoing-0 >> "      {"acceptInsecureCerts":true,"browserName":"firefox","moz:firefoxOptions":{"args":[],"prefs":{}}}[\n]"
2018-01-10 12:36:15,506 DEBUG [Forwarding newSession on session null to remote] wire:73 - http-outgoing-0 >> "    ][\n]"
2018-01-10 12:36:15,507 DEBUG [Forwarding newSession on session null to remote] wire:73 - http-outgoing-0 >> "  }[\n]"
2018-01-10 12:36:15,507 DEBUG [Forwarding newSession on session null to remote] wire:87 - http-outgoing-0 >> "}"
2018-01-10 12:36:20,885 DEBUG [Forwarding newSession on session null to remote] wire:73 - http-outgoing-0 << "HTTP/1.1 200 OK[\r][\n]"
2018-01-10 12:36:20,885 DEBUG [Forwarding newSession on session null to remote] wire:73 - http-outgoing-0 << "Connection: close[\r][\n]"
2018-01-10 12:36:20,886 DEBUG [Forwarding newSession on session null to remote] wire:73 - http-outgoing-0 << "Content-Type: application/json; charset=utf-8[\r][\n]"
2018-01-10 12:36:20,886 DEBUG [Forwarding newSession on session null to remote] wire:73 - http-outgoing-0 << "Cache-Control: no-cache[\r][\n]"
2018-01-10 12:36:20,886 DEBUG [Forwarding newSession on session null to remote] wire:73 - http-outgoing-0 << "Content-Length: 502[\r][\n]"
2018-01-10 12:36:20,886 DEBUG [Forwarding newSession on session null to remote] wire:73 - http-outgoing-0 << "Date: Wed, 10 Jan 2018 07:06:20 GMT[\r][\n]"
2018-01-10 12:36:20,886 DEBUG [Forwarding newSession on session null to remote] wire:73 - http-outgoing-0 << "[\r][\n]"
2018-01-10 12:36:20,887 DEBUG [Forwarding newSession on session null to remote] wire:87 - http-outgoing-0 << "{"value": {"sessionId":"b303656c-c6f1-4a3a-ab03-d0391af33ada","capabilities":{"acceptInsecureCerts":true,"browserName":"firefox","browserVersion":"56.0.1","moz:accessibilityChecks":false,"moz:headless":false,"moz:processID":9888,"moz:profile":"C:\\Users\\na00450192\\AppData\\Local\\Temp\\rust_mozprofile.5jkrKS4KZ0Xe","pageLoadStrategy":"normal","platformName":"windows_nt","platformVersion":"10.0","rotatable":false,"specificationLevel":0,"timeouts":{"implicit":0,"pageLoad":300000,"script":30000}}}}"
2018-01-10 12:36:20,890 DEBUG [Forwarding newSession on session null to remote] headers:122 - http-outgoing-0 << HTTP/1.1 200 OK
2018-01-10 12:36:20,890 DEBUG [Forwarding newSession on session null to remote] headers:125 - http-outgoing-0 << Connection: close
2018-01-10 12:36:20,890 DEBUG [Forwarding newSession on session null to remote] headers:125 - http-outgoing-0 << Content-Type: application/json; charset=utf-8
2018-01-10 12:36:20,890 DEBUG [Forwarding newSession on session null to remote] headers:125 - http-outgoing-0 << Cache-Control: no-cache
2018-01-10 12:36:20,890 DEBUG [Forwarding newSession on session null to remote] headers:125 - http-outgoing-0 << Content-Length: 502
2018-01-10 12:36:20,890 DEBUG [Forwarding newSession on session null to remote] headers:125 - http-outgoing-0 << Date: Wed, 10 Jan 2018 07:06:20 GMT
2018-01-10 12:36:20,896 DEBUG [Forwarding newSession on session null to remote] DefaultManagedHttpClientConnection:79 - http-outgoing-0: Close connection
2018-01-10 12:36:20,897 DEBUG [Forwarding newSession on session null to remote] MainClientExec:104 - Connection discarded
2018-01-10 12:36:20,897 DEBUG [Forwarding newSession on session null to remote] PoolingHttpClientConnectionManager:326 - Connection released: [id: 0][route: {}->http://localhost:6131][total kept alive: 0; route allocated: 0 of 2000; total allocated: 0 of 2000]
2018-01-10 12:36:20,942 DEBUG [Forwarding get on session b303656c-c6f1-4a3a-ab03-d0391af33ada to remote] RequestAddCookies:123 - CookieSpec selected: default
2018-01-10 12:36:20,943 DEBUG [Forwarding get on session b303656c-c6f1-4a3a-ab03-d0391af33ada to remote] RequestAuthCache:77 - Auth cache not set in the context
2018-01-10 12:36:20,943 DEBUG [Forwarding get on session b303656c-c6f1-4a3a-ab03-d0391af33ada to remote] PoolingHttpClientConnectionManager:255 - Connection request: [route: {}->http://localhost:6131][total kept alive: 0; route allocated: 0 of 2000; total allocated: 0 of 2000]
2018-01-10 12:36:20,943 DEBUG [Forwarding get on session b303656c-c6f1-4a3a-ab03-d0391af33ada to remote] PoolingHttpClientConnectionManager:288 - Connection leased: [id: 1][route: {}->http://localhost:6131][total kept alive: 0; route allocated: 1 of 2000; total allocated: 1 of 2000]
2018-01-10 12:36:20,944 DEBUG [Forwarding get on session b303656c-c6f1-4a3a-ab03-d0391af33ada to remote] MainClientExec:235 - Opening connection {}->http://localhost:6131
2018-01-10 12:36:20,944 DEBUG [Forwarding get on session b303656c-c6f1-4a3a-ab03-d0391af33ada to remote] DefaultHttpClientConnectionOperator:139 - Connecting to localhost/127.0.0.1:6131
2018-01-10 12:36:20,945 DEBUG [Forwarding get on session b303656c-c6f1-4a3a-ab03-d0391af33ada to remote] DefaultHttpClientConnectionOperator:146 - Connection established 127.0.0.1:63207<->127.0.0.1:6131
2018-01-10 12:36:20,945 DEBUG [Forwarding get on session b303656c-c6f1-4a3a-ab03-d0391af33ada to remote] DefaultManagedHttpClientConnection:88 - http-outgoing-1: set socket timeout to 10800000
2018-01-10 12:36:20,945 DEBUG [Forwarding get on session b303656c-c6f1-4a3a-ab03-d0391af33ada to remote] MainClientExec:256 - Executing request POST /session/b303656c-c6f1-4a3a-ab03-d0391af33ada/url HTTP/1.1
2018-01-10 12:36:20,945 DEBUG [Forwarding get on session b303656c-c6f1-4a3a-ab03-d0391af33ada to remote] MainClientExec:261 - Target auth state: UNCHALLENGED
2018-01-10 12:36:20,946 DEBUG [Forwarding get on session b303656c-c6f1-4a3a-ab03-d0391af33ada to remote] MainClientExec:267 - Proxy auth state: UNCHALLENGED
2018-01-10 12:36:20,946 DEBUG [Forwarding get on session b303656c-c6f1-4a3a-ab03-d0391af33ada to remote] headers:133 - http-outgoing-1 >> POST /session/b303656c-c6f1-4a3a-ab03-d0391af33ada/url HTTP/1.1
2018-01-10 12:36:20,946 DEBUG [Forwarding get on session b303656c-c6f1-4a3a-ab03-d0391af33ada to remote] headers:136 - http-outgoing-1 >> Content-Type: application/json; charset=utf-8
2018-01-10 12:36:20,946 DEBUG [Forwarding get on session b303656c-c6f1-4a3a-ab03-d0391af33ada to remote] headers:136 - http-outgoing-1 >> Content-Length: 33
2018-01-10 12:36:20,946 DEBUG [Forwarding get on session b303656c-c6f1-4a3a-ab03-d0391af33ada to remote] headers:136 - http-outgoing-1 >> Host: localhost:6131
2018-01-10 12:36:20,946 DEBUG [Forwarding get on session b303656c-c6f1-4a3a-ab03-d0391af33ada to remote] headers:136 - http-outgoing-1 >> Connection: Keep-Alive
2018-01-10 12:36:20,946 DEBUG [Forwarding get on session b303656c-c6f1-4a3a-ab03-d0391af33ada to remote] headers:136 - http-outgoing-1 >> User-Agent: Apache-HttpClient/4.5.3 (Java/1.8.0_144)
2018-01-10 12:36:20,946 DEBUG [Forwarding get on session b303656c-c6f1-4a3a-ab03-d0391af33ada to remote] headers:136 - http-outgoing-1 >> Accept-Encoding: gzip,deflate
2018-01-10 12:36:20,947 DEBUG [Forwarding get on session b303656c-c6f1-4a3a-ab03-d0391af33ada to remote] wire:73 - http-outgoing-1 >> "POST /session/b303656c-c6f1-4a3a-ab03-d0391af33ada/url HTTP/1.1[\r][\n]"
2018-01-10 12:36:20,947 DEBUG [Forwarding get on session b303656c-c6f1-4a3a-ab03-d0391af33ada to remote] wire:73 - http-outgoing-1 >> "Content-Type: application/json; charset=utf-8[\r][\n]"
2018-01-10 12:36:20,947 DEBUG [Forwarding get on session b303656c-c6f1-4a3a-ab03-d0391af33ada to remote] wire:73 - http-outgoing-1 >> "Content-Length: 33[\r][\n]"
2018-01-10 12:36:20,947 DEBUG [Forwarding get on session b303656c-c6f1-4a3a-ab03-d0391af33ada to remote] wire:73 - http-outgoing-1 >> "Host: localhost:6131[\r][\n]"
2018-01-10 12:36:20,947 DEBUG [Forwarding get on session b303656c-c6f1-4a3a-ab03-d0391af33ada to remote] wire:73 - http-outgoing-1 >> "Connection: Keep-Alive[\r][\n]"
2018-01-10 12:36:20,947 DEBUG [Forwarding get on session b303656c-c6f1-4a3a-ab03-d0391af33ada to remote] wire:73 - http-outgoing-1 >> "User-Agent: Apache-HttpClient/4.5.3 (Java/1.8.0_144)[\r][\n]"
2018-01-10 12:36:20,947 DEBUG [Forwarding get on session b303656c-c6f1-4a3a-ab03-d0391af33ada to remote] wire:73 - http-outgoing-1 >> "Accept-Encoding: gzip,deflate[\r][\n]"
2018-01-10 12:36:20,948 DEBUG [Forwarding get on session b303656c-c6f1-4a3a-ab03-d0391af33ada to remote] wire:73 - http-outgoing-1 >> "[\r][\n]"
2018-01-10 12:36:20,948 DEBUG [Forwarding get on session b303656c-c6f1-4a3a-ab03-d0391af33ada to remote] wire:87 - http-outgoing-1 >> "{"url":"https://www.freecrm.com"}"
2018-01-10 12:36:37,286 DEBUG [Forwarding get on session b303656c-c6f1-4a3a-ab03-d0391af33ada to remote] wire:73 - http-outgoing-1 << "HTTP/1.1 200 OK[\r][\n]"
2018-01-10 12:36:37,286 DEBUG [Forwarding get on session b303656c-c6f1-4a3a-ab03-d0391af33ada to remote] wire:73 - http-outgoing-1 << "Connection: close[\r][\n]"
2018-01-10 12:36:37,286 DEBUG [Forwarding get on session b303656c-c6f1-4a3a-ab03-d0391af33ada to remote] wire:73 - http-outgoing-1 << "Content-Type: application/json; charset=utf-8[\r][\n]"
2018-01-10 12:36:37,286 DEBUG [Forwarding get on session b303656c-c6f1-4a3a-ab03-d0391af33ada to remote] wire:73 - http-outgoing-1 << "Cache-Control: no-cache[\r][\n]"
2018-01-10 12:36:37,287 DEBUG [Forwarding get on session b303656c-c6f1-4a3a-ab03-d0391af33ada to remote] wire:73 - http-outgoing-1 << "Content-Length: 13[\r][\n]"
2018-01-10 12:36:37,287 DEBUG [Forwarding get on session b303656c-c6f1-4a3a-ab03-d0391af33ada to remote] wire:73 - http-outgoing-1 << "Date: Wed, 10 Jan 2018 07:06:37 GMT[\r][\n]"
2018-01-10 12:36:37,287 DEBUG [Forwarding get on session b303656c-c6f1-4a3a-ab03-d0391af33ada to remote] wire:73 - http-outgoing-1 << "[\r][\n]"
2018-01-10 12:36:37,287 DEBUG [Forwarding get on session b303656c-c6f1-4a3a-ab03-d0391af33ada to remote] wire:87 - http-outgoing-1 << "{"value": {}}"
2018-01-10 12:36:37,287 DEBUG [Forwarding get on session b303656c-c6f1-4a3a-ab03-d0391af33ada to remote] headers:122 - http-outgoing-1 << HTTP/1.1 200 OK
2018-01-10 12:36:37,287 DEBUG [Forwarding get on session b303656c-c6f1-4a3a-ab03-d0391af33ada to remote] headers:125 - http-outgoing-1 << Connection: close
2018-01-10 12:36:37,288 DEBUG [Forwarding get on session b303656c-c6f1-4a3a-ab03-d0391af33ada to remote] headers:125 - http-outgoing-1 << Content-Type: application/json; charset=utf-8
2018-01-10 12:36:37,288 DEBUG [Forwarding get on session b303656c-c6f1-4a3a-ab03-d0391af33ada to remote] headers:125 - http-outgoing-1 << Cache-Control: no-cache
2018-01-10 12:36:37,288 DEBUG [Forwarding get on session b303656c-c6f1-4a3a-ab03-d0391af33ada to remote] headers:125 - http-outgoing-1 << Content-Length: 13
2018-01-10 12:36:37,288 DEBUG [Forwarding get on session b303656c-c6f1-4a3a-ab03-d0391af33ada to remote] headers:125 - http-outgoing-1 << Date: Wed, 10 Jan 2018 07:06:37 GMT
2018-01-10 12:36:37,288 DEBUG [Forwarding get on session b303656c-c6f1-4a3a-ab03-d0391af33ada to remote] DefaultManagedHttpClientConnection:79 - http-outgoing-1: Close connection
2018-01-10 12:36:37,289 DEBUG [Forwarding get on session b303656c-c6f1-4a3a-ab03-d0391af33ada to remote] MainClientExec:104 - Connection discarded
2018-01-10 12:36:37,289 DEBUG [Forwarding get on session b303656c-c6f1-4a3a-ab03-d0391af33ada to remote] PoolingHttpClientConnectionManager:326 - Connection released: [id: 1][route: {}->http://localhost:6131][total kept alive: 0; route allocated: 0 of 2000; total allocated: 0 of 2000]
2018-01-10 12:36:56,552 DEBUG [Forwarding newSession on session null to remote] RequestAddCookies:123 - CookieSpec selected: default
2018-01-10 12:36:56,565 DEBUG [Forwarding newSession on session null to remote] RequestAuthCache:77 - Auth cache not set in the context
2018-01-10 12:36:56,567 DEBUG [Forwarding newSession on session null to remote] PoolingHttpClientConnectionManager:255 - Connection request: [route: {}->http://localhost:17429][total kept alive: 0; route allocated: 0 of 2000; total allocated: 0 of 2000]
2018-01-10 12:36:56,579 DEBUG [Forwarding newSession on session null to remote] PoolingHttpClientConnectionManager:288 - Connection leased: [id: 0][route: {}->http://localhost:17429][total kept alive: 0; route allocated: 1 of 2000; total allocated: 1 of 2000]
2018-01-10 12:36:56,581 DEBUG [Forwarding newSession on session null to remote] MainClientExec:235 - Opening connection {}->http://localhost:17429
2018-01-10 12:36:56,582 DEBUG [Forwarding newSession on session null to remote] DefaultHttpClientConnectionOperator:139 - Connecting to localhost/127.0.0.1:17429
2018-01-10 12:36:56,583 DEBUG [Forwarding newSession on session null to remote] DefaultHttpClientConnectionOperator:146 - Connection established 127.0.0.1:63323<->127.0.0.1:17429
2018-01-10 12:36:56,583 DEBUG [Forwarding newSession on session null to remote] DefaultManagedHttpClientConnection:88 - http-outgoing-0: set socket timeout to 10800000
2018-01-10 12:36:56,584 DEBUG [Forwarding newSession on session null to remote] MainClientExec:256 - Executing request POST /session HTTP/1.1
2018-01-10 12:36:56,584 DEBUG [Forwarding newSession on session null to remote] MainClientExec:261 - Target auth state: UNCHALLENGED
2018-01-10 12:36:56,584 DEBUG [Forwarding newSession on session null to remote] MainClientExec:267 - Proxy auth state: UNCHALLENGED
2018-01-10 12:36:56,585 DEBUG [Forwarding newSession on session null to remote] headers:133 - http-outgoing-0 >> POST /session HTTP/1.1
2018-01-10 12:36:56,586 DEBUG [Forwarding newSession on session null to remote] headers:136 - http-outgoing-0 >> Content-Type: application/json; charset=utf-8
2018-01-10 12:36:56,586 DEBUG [Forwarding newSession on session null to remote] headers:136 - http-outgoing-0 >> Content-Length: 404
2018-01-10 12:36:56,586 DEBUG [Forwarding newSession on session null to remote] headers:136 - http-outgoing-0 >> Host: localhost:17429
2018-01-10 12:36:56,586 DEBUG [Forwarding newSession on session null to remote] headers:136 - http-outgoing-0 >> Connection: Keep-Alive
2018-01-10 12:36:56,587 DEBUG [Forwarding newSession on session null to remote] headers:136 - http-outgoing-0 >> User-Agent: Apache-HttpClient/4.5.3 (Java/1.8.0_144)
2018-01-10 12:36:56,589 DEBUG [Forwarding newSession on session null to remote] headers:136 - http-outgoing-0 >> Accept-Encoding: gzip,deflate
2018-01-10 12:36:56,591 DEBUG [Forwarding newSession on session null to remote] wire:73 - http-outgoing-0 >> "POST /session HTTP/1.1[\r][\n]"
2018-01-10 12:36:56,591 DEBUG [Forwarding newSession on session null to remote] wire:73 - http-outgoing-0 >> "Content-Type: application/json; charset=utf-8[\r][\n]"
2018-01-10 12:36:56,591 DEBUG [Forwarding newSession on session null to remote] wire:73 - http-outgoing-0 >> "Content-Length: 404[\r][\n]"
2018-01-10 12:36:56,592 DEBUG [Forwarding newSession on session null to remote] wire:73 - http-outgoing-0 >> "Host: localhost:17429[\r][\n]"
2018-01-10 12:36:56,592 DEBUG [Forwarding newSession on session null to remote] wire:73 - http-outgoing-0 >> "Connection: Keep-Alive[\r][\n]"
2018-01-10 12:36:56,592 DEBUG [Forwarding newSession on session null to remote] wire:73 - http-outgoing-0 >> "User-Agent: Apache-HttpClient/4.5.3 (Java/1.8.0_144)[\r][\n]"
2018-01-10 12:36:56,593 DEBUG [Forwarding newSession on session null to remote] wire:73 - http-outgoing-0 >> "Accept-Encoding: gzip,deflate[\r][\n]"
2018-01-10 12:36:56,594 DEBUG [Forwarding newSession on session null to remote] wire:73 - http-outgoing-0 >> "[\r][\n]"
2018-01-10 12:36:56,594 DEBUG [Forwarding newSession on session null to remote] wire:73 - http-outgoing-0 >> "{[\n]"
2018-01-10 12:36:56,594 DEBUG [Forwarding newSession on session null to remote] wire:73 - http-outgoing-0 >> "  "desiredCapabilities": {"acceptInsecureCerts":true,"browserName":"firefox","moz:firefoxOptions":{"args":[],"prefs":{}}},[\n]"
2018-01-10 12:36:56,595 DEBUG [Forwarding newSession on session null to remote] wire:73 - http-outgoing-0 >> "  "capabilities": {[\n]"
2018-01-10 12:36:56,595 DEBUG [Forwarding newSession on session null to remote] wire:73 - http-outgoing-0 >> "    "desiredCapabilities": {"acceptInsecureCerts":true,"browserName":"firefox","moz:firefoxOptions":{"args":[],"prefs":{}}},[\n]"
2018-01-10 12:36:56,595 DEBUG [Forwarding newSession on session null to remote] wire:73 - http-outgoing-0 >> "    "firstMatch": [[\n]"
2018-01-10 12:36:56,595 DEBUG [Forwarding newSession on session null to remote] wire:73 - http-outgoing-0 >> "      {"acceptInsecureCerts":true,"browserName":"firefox","moz:firefoxOptions":{"args":[],"prefs":{}}}[\n]"
2018-01-10 12:36:56,595 DEBUG [Forwarding newSession on session null to remote] wire:73 - http-outgoing-0 >> "    ][\n]"
2018-01-10 12:36:56,595 DEBUG [Forwarding newSession on session null to remote] wire:73 - http-outgoing-0 >> "  }[\n]"
2018-01-10 12:36:56,595 DEBUG [Forwarding newSession on session null to remote] wire:87 - http-outgoing-0 >> "}"
2018-01-10 12:37:07,965 DEBUG [Forwarding newSession on session null to remote] wire:73 - http-outgoing-0 << "HTTP/1.1 200 OK[\r][\n]"
2018-01-10 12:37:07,965 DEBUG [Forwarding newSession on session null to remote] wire:73 - http-outgoing-0 << "Connection: close[\r][\n]"
2018-01-10 12:37:07,966 DEBUG [Forwarding newSession on session null to remote] wire:73 - http-outgoing-0 << "Content-Type: application/json; charset=utf-8[\r][\n]"
2018-01-10 12:37:07,966 DEBUG [Forwarding newSession on session null to remote] wire:73 - http-outgoing-0 << "Cache-Control: no-cache[\r][\n]"
2018-01-10 12:37:07,966 DEBUG [Forwarding newSession on session null to remote] wire:73 - http-outgoing-0 << "Content-Length: 503[\r][\n]"
2018-01-10 12:37:07,966 DEBUG [Forwarding newSession on session null to remote] wire:73 - http-outgoing-0 << "Date: Wed, 10 Jan 2018 07:07:07 GMT[\r][\n]"
2018-01-10 12:37:07,966 DEBUG [Forwarding newSession on session null to remote] wire:73 - http-outgoing-0 << "[\r][\n]"
2018-01-10 12:37:07,967 DEBUG [Forwarding newSession on session null to remote] wire:87 - http-outgoing-0 << "{"value": {"sessionId":"d75fb620-1ef4-48f5-a19e-73eda7bdc7da","capabilities":{"acceptInsecureCerts":true,"browserName":"firefox","browserVersion":"56.0.1","moz:accessibilityChecks":false,"moz:headless":false,"moz:processID":17552,"moz:profile":"C:\\Users\\na00450192\\AppData\\Local\\Temp\\rust_mozprofile.V5bJGZbJCLQ0","pageLoadStrategy":"normal","platformName":"windows_nt","platformVersion":"10.0","rotatable":false,"specificationLevel":0,"timeouts":{"implicit":0,"pageLoad":300000,"script":30000}}}}"
2018-01-10 12:37:07,970 DEBUG [Forwarding newSession on session null to remote] headers:122 - http-outgoing-0 << HTTP/1.1 200 OK
2018-01-10 12:37:07,970 DEBUG [Forwarding newSession on session null to remote] headers:125 - http-outgoing-0 << Connection: close
2018-01-10 12:37:07,970 DEBUG [Forwarding newSession on session null to remote] headers:125 - http-outgoing-0 << Content-Type: application/json; charset=utf-8
2018-01-10 12:37:07,971 DEBUG [Forwarding newSession on session null to remote] headers:125 - http-outgoing-0 << Cache-Control: no-cache
2018-01-10 12:37:07,971 DEBUG [Forwarding newSession on session null to remote] headers:125 - http-outgoing-0 << Content-Length: 503
2018-01-10 12:37:07,971 DEBUG [Forwarding newSession on session null to remote] headers:125 - http-outgoing-0 << Date: Wed, 10 Jan 2018 07:07:07 GMT
2018-01-10 12:37:07,977 DEBUG [Forwarding newSession on session null to remote] DefaultManagedHttpClientConnection:79 - http-outgoing-0: Close connection
2018-01-10 12:37:07,978 DEBUG [Forwarding newSession on session null to remote] MainClientExec:104 - Connection discarded
2018-01-10 12:37:07,978 DEBUG [Forwarding newSession on session null to remote] PoolingHttpClientConnectionManager:326 - Connection released: [id: 0][route: {}->http://localhost:17429][total kept alive: 0; route allocated: 0 of 2000; total allocated: 0 of 2000]
2018-01-10 12:37:08,026 DEBUG [Forwarding get on session d75fb620-1ef4-48f5-a19e-73eda7bdc7da to remote] RequestAddCookies:123 - CookieSpec selected: default
2018-01-10 12:37:08,026 DEBUG [Forwarding get on session d75fb620-1ef4-48f5-a19e-73eda7bdc7da to remote] RequestAuthCache:77 - Auth cache not set in the context
2018-01-10 12:37:08,026 DEBUG [Forwarding get on session d75fb620-1ef4-48f5-a19e-73eda7bdc7da to remote] PoolingHttpClientConnectionManager:255 - Connection request: [route: {}->http://localhost:17429][total kept alive: 0; route allocated: 0 of 2000; total allocated: 0 of 2000]
2018-01-10 12:37:08,027 DEBUG [Forwarding get on session d75fb620-1ef4-48f5-a19e-73eda7bdc7da to remote] PoolingHttpClientConnectionManager:288 - Connection leased: [id: 1][route: {}->http://localhost:17429][total kept alive: 0; route allocated: 1 of 2000; total allocated: 1 of 2000]
2018-01-10 12:37:08,028 DEBUG [Forwarding get on session d75fb620-1ef4-48f5-a19e-73eda7bdc7da to remote] MainClientExec:235 - Opening connection {}->http://localhost:17429
2018-01-10 12:37:08,029 DEBUG [Forwarding get on session d75fb620-1ef4-48f5-a19e-73eda7bdc7da to remote] DefaultHttpClientConnectionOperator:139 - Connecting to localhost/127.0.0.1:17429
2018-01-10 12:37:08,030 DEBUG [Forwarding get on session d75fb620-1ef4-48f5-a19e-73eda7bdc7da to remote] DefaultHttpClientConnectionOperator:146 - Connection established 127.0.0.1:63361<->127.0.0.1:17429
2018-01-10 12:37:08,031 DEBUG [Forwarding get on session d75fb620-1ef4-48f5-a19e-73eda7bdc7da to remote] DefaultManagedHttpClientConnection:88 - http-outgoing-1: set socket timeout to 10800000
2018-01-10 12:37:08,031 DEBUG [Forwarding get on session d75fb620-1ef4-48f5-a19e-73eda7bdc7da to remote] MainClientExec:256 - Executing request POST /session/d75fb620-1ef4-48f5-a19e-73eda7bdc7da/url HTTP/1.1
2018-01-10 12:37:08,031 DEBUG [Forwarding get on session d75fb620-1ef4-48f5-a19e-73eda7bdc7da to remote] MainClientExec:261 - Target auth state: UNCHALLENGED
2018-01-10 12:37:08,031 DEBUG [Forwarding get on session d75fb620-1ef4-48f5-a19e-73eda7bdc7da to remote] MainClientExec:267 - Proxy auth state: UNCHALLENGED
2018-01-10 12:37:08,032 DEBUG [Forwarding get on session d75fb620-1ef4-48f5-a19e-73eda7bdc7da to remote] headers:133 - http-outgoing-1 >> POST /session/d75fb620-1ef4-48f5-a19e-73eda7bdc7da/url HTTP/1.1
2018-01-10 12:37:08,032 DEBUG [Forwarding get on session d75fb620-1ef4-48f5-a19e-73eda7bdc7da to remote] headers:136 - http-outgoing-1 >> Content-Type: application/json; charset=utf-8
2018-01-10 12:37:08,032 DEBUG [Forwarding get on session d75fb620-1ef4-48f5-a19e-73eda7bdc7da to remote] headers:136 - http-outgoing-1 >> Content-Length: 33
2018-01-10 12:37:08,032 DEBUG [Forwarding get on session d75fb620-1ef4-48f5-a19e-73eda7bdc7da to remote] headers:136 - http-outgoing-1 >> Host: localhost:17429
2018-01-10 12:37:08,032 DEBUG [Forwarding get on session d75fb620-1ef4-48f5-a19e-73eda7bdc7da to remote] headers:136 - http-outgoing-1 >> Connection: Keep-Alive
2018-01-10 12:37:08,032 DEBUG [Forwarding get on session d75fb620-1ef4-48f5-a19e-73eda7bdc7da to remote] headers:136 - http-outgoing-1 >> User-Agent: Apache-HttpClient/4.5.3 (Java/1.8.0_144)
2018-01-10 12:37:08,033 DEBUG [Forwarding get on session d75fb620-1ef4-48f5-a19e-73eda7bdc7da to remote] headers:136 - http-outgoing-1 >> Accept-Encoding: gzip,deflate
2018-01-10 12:37:08,033 DEBUG [Forwarding get on session d75fb620-1ef4-48f5-a19e-73eda7bdc7da to remote] wire:73 - http-outgoing-1 >> "POST /session/d75fb620-1ef4-48f5-a19e-73eda7bdc7da/url HTTP/1.1[\r][\n]"
2018-01-10 12:37:08,033 DEBUG [Forwarding get on session d75fb620-1ef4-48f5-a19e-73eda7bdc7da to remote] wire:73 - http-outgoing-1 >> "Content-Type: application/json; charset=utf-8[\r][\n]"
2018-01-10 12:37:08,033 DEBUG [Forwarding get on session d75fb620-1ef4-48f5-a19e-73eda7bdc7da to remote] wire:73 - http-outgoing-1 >> "Content-Length: 33[\r][\n]"
2018-01-10 12:37:08,033 DEBUG [Forwarding get on session d75fb620-1ef4-48f5-a19e-73eda7bdc7da to remote] wire:73 - http-outgoing-1 >> "Host: localhost:17429[\r][\n]"
2018-01-10 12:37:08,033 DEBUG [Forwarding get on session d75fb620-1ef4-48f5-a19e-73eda7bdc7da to remote] wire:73 - http-outgoing-1 >> "Connection: Keep-Alive[\r][\n]"
2018-01-10 12:37:08,033 DEBUG [Forwarding get on session d75fb620-1ef4-48f5-a19e-73eda7bdc7da to remote] wire:73 - http-outgoing-1 >> "User-Agent: Apache-HttpClient/4.5.3 (Java/1.8.0_144)[\r][\n]"
2018-01-10 12:37:08,034 DEBUG [Forwarding get on session d75fb620-1ef4-48f5-a19e-73eda7bdc7da to remote] wire:73 - http-outgoing-1 >> "Accept-Encoding: gzip,deflate[\r][\n]"
2018-01-10 12:37:08,034 DEBUG [Forwarding get on session d75fb620-1ef4-48f5-a19e-73eda7bdc7da to remote] wire:73 - http-outgoing-1 >> "[\r][\n]"
2018-01-10 12:37:08,034 DEBUG [Forwarding get on session d75fb620-1ef4-48f5-a19e-73eda7bdc7da to remote] wire:87 - http-outgoing-1 >> "{"url":"https://www.freecrm.com"}"
2018-01-10 12:37:17,967 DEBUG [Forwarding get on session d75fb620-1ef4-48f5-a19e-73eda7bdc7da to remote] wire:73 - http-outgoing-1 << "HTTP/1.1 200 OK[\r][\n]"
2018-01-10 12:37:17,968 DEBUG [Forwarding get on session d75fb620-1ef4-48f5-a19e-73eda7bdc7da to remote] wire:73 - http-outgoing-1 << "Connection: close[\r][\n]"
2018-01-10 12:37:17,968 DEBUG [Forwarding get on session d75fb620-1ef4-48f5-a19e-73eda7bdc7da to remote] wire:73 - http-outgoing-1 << "Content-Type: application/json; charset=utf-8[\r][\n]"
2018-01-10 12:37:17,968 DEBUG [Forwarding get on session d75fb620-1ef4-48f5-a19e-73eda7bdc7da to remote] wire:73 - http-outgoing-1 << "Cache-Control: no-cache[\r][\n]"
2018-01-10 12:37:17,968 DEBUG [Forwarding get on session d75fb620-1ef4-48f5-a19e-73eda7bdc7da to remote] wire:73 - http-outgoing-1 << "Content-Length: 13[\r][\n]"
2018-01-10 12:37:17,969 DEBUG [Forwarding get on session d75fb620-1ef4-48f5-a19e-73eda7bdc7da to remote] wire:73 - http-outgoing-1 << "Date: Wed, 10 Jan 2018 07:07:17 GMT[\r][\n]"
2018-01-10 12:37:17,969 DEBUG [Forwarding get on session d75fb620-1ef4-48f5-a19e-73eda7bdc7da to remote] wire:73 - http-outgoing-1 << "[\r][\n]"
2018-01-10 12:37:17,969 DEBUG [Forwarding get on session d75fb620-1ef4-48f5-a19e-73eda7bdc7da to remote] wire:87 - http-outgoing-1 << "{"value": {}}"
2018-01-10 12:37:17,969 DEBUG [Forwarding get on session d75fb620-1ef4-48f5-a19e-73eda7bdc7da to remote] headers:122 - http-outgoing-1 << HTTP/1.1 200 OK
2018-01-10 12:37:17,970 DEBUG [Forwarding get on session d75fb620-1ef4-48f5-a19e-73eda7bdc7da to remote] headers:125 - http-outgoing-1 << Connection: close
2018-01-10 12:37:17,970 DEBUG [Forwarding get on session d75fb620-1ef4-48f5-a19e-73eda7bdc7da to remote] headers:125 - http-outgoing-1 << Content-Type: application/json; charset=utf-8
2018-01-10 12:37:17,970 DEBUG [Forwarding get on session d75fb620-1ef4-48f5-a19e-73eda7bdc7da to remote] headers:125 - http-outgoing-1 << Cache-Control: no-cache
2018-01-10 12:37:17,970 DEBUG [Forwarding get on session d75fb620-1ef4-48f5-a19e-73eda7bdc7da to remote] headers:125 - http-outgoing-1 << Content-Length: 13
2018-01-10 12:37:17,971 DEBUG [Forwarding get on session d75fb620-1ef4-48f5-a19e-73eda7bdc7da to remote] headers:125 - http-outgoing-1 << Date: Wed, 10 Jan 2018 07:07:17 GMT
2018-01-10 12:37:17,972 DEBUG [Forwarding get on session d75fb620-1ef4-48f5-a19e-73eda7bdc7da to remote] DefaultManagedHttpClientConnection:79 - http-outgoing-1: Close connection
2018-01-10 12:37:17,972 DEBUG [Forwarding get on session d75fb620-1ef4-48f5-a19e-73eda7bdc7da to remote] MainClientExec:104 - Connection discarded
2018-01-10 12:37:17,973 DEBUG [Forwarding get on session d75fb620-1ef4-48f5-a19e-73eda7bdc7da to remote] PoolingHttpClientConnectionManager:326 - Connection released: [id: 1][route: {}->http://localhost:17429][total kept alive: 0; route allocated: 0 of 2000; total allocated: 0 of 2000]
